#
# A fatal error has been detected by the Java Runtime Environment:
#
#  SIGSEGV (0xb) at pc=0x00007ff376b5e123, pid=21514, tid=140683141314304
#
# JRE version: Java(TM) SE Runtime Environment (8.0_91-b14) (build 1.8.0_91-b14)
# Java VM: Java HotSpot(TM) 64-Bit Server VM (25.91-b14 mixed mode linux-amd64 compressed oops)
# Problematic frame:
# V  [libjvm.so+0x78a123]  JvmtiEnv::GetClassMethods(oopDesc*, int*, _jmethodID***)+0x2f3
#
# Failed to write core dump. Core dumps have been disabled. To enable core dumping, try "ulimit -c unlimited" before starting Java again
#
# If you would like to submit a bug report, please visit:
#   http://bugreport.java.com/bugreport/crash.jsp
#

---------------  T H R E A D  ---------------

Current thread (0x00007ff3700d4000):  JavaThread "JDWP Transport Listener: dt_socket" daemon [_thread_in_vm, id=21531, stack(0x00007ff35899f000,0x00007ff358aa0000)]

siginfo: si_signo: 11 (SIGSEGV), si_code: 2 (SEGV_ACCERR), si_addr: 0x00007ff3680b5840

Registers:
RAX=0x0000000007016400, RBX=0x00007ff3700ccb80, RCX=0x00007ff370012410, RDX=0x00007ff330003840
RSP=0x00007ff358a9e860, RBP=0x00007ff358a9e950, RSI=0x0000000000000001, RDI=0x0000000000000001
R8 =0x00007ff3700ccb80, R9 =0x0000000000000000, R10=0x0000000000000001, R11=0x00007ff330004138
R12=0x00007ff37000dd00, R13=0x00007ff2eaa67588, R14=0x00000001002e9da0, R15=0x00007ff358a9ea20
RIP=0x00007ff376b5e123, EFLAGS=0x0000000000010246, CSGSFS=0x0000000000000033, ERR=0x0000000000000006
  TRAPNO=0x000000000000000e

Top of Stack: (sp=0x00007ff358a9e860)
0x00007ff358a9e860:   00007ff3700c3730 00007ff358a9e910
0x00007ff358a9e870:   00007ff330000a90 00007ff358a9e8c0
0x00007ff358a9e880:   00007ff358a9ea10 0000000f76ab964a
0x00007ff358a9e890:   00007ff330003840 070164000000000e
0x00007ff358a9e8a0:   00007ff3700d4000 00007ff3700c3730
0x00007ff358a9e8b0:   00007ff3700d41f8 00007ff375a8ee40
0x00007ff358a9e8c0:   00007ff3700d4000 00007ff3700cca50
0x00007ff358a9e8d0:   00007ff3700cca90 00007ff3700ccaa0
0x00007ff358a9e8e0:   00007ff3700ccb78 00000000000000d8
0x00007ff358a9e8f0:   00007ff358a9ed10 00007ff376a9f7bc
0x00007ff358a9e900:   00007ff330000a90 00007ff375a8ee40
0x00007ff358a9e910:   00007ff2eaa67588 00007ff3700d4000
0x00007ff358a9e920:   00007ff358a9e970 0000000085030100
0x00007ff358a9e930:   00007ff37000dd00 0000000000000074
0x00007ff358a9e940:   00007ff3700d4000 00007ff358a9ea10
0x00007ff358a9e950:   00007ff358a9e9c0 00007ff376b10380
0x00007ff358a9e960:   00007ff358a9e970 00007ff358a9ea20
0x00007ff358a9e970:   00007ff3700d4000 0000000000000000
0x00007ff358a9e980:   00007ff300000000 0000000000000000
0x00007ff358a9e990:   00000000000f0200 00007ff375a8ee40
0x00007ff358a9e9a0:   00007ff358a9ea90 00007ff330000a90
0x00007ff358a9e9b0:   00000000000f0200 000000000000000f
0x00007ff358a9e9c0:   00007ff358a9ea50 00007ff37585b96e
0x00007ff358a9e9d0:   00007ff37738b2a0 00007ff376b53de9
0x00007ff358a9e9e0:   00007ff358a9ea20 00007ff376b120f3
0x00007ff358a9e9f0:   0000000130002f20 00007ff330003100
0x00007ff358a9ea00:   00007ff358a9ea30 00007ff375861ba0
0x00007ff358a9ea10:   0000000000000000 00007ff358a9ea90
0x00007ff358a9ea20:   0000000000000000 0000000000000002
0x00007ff358a9ea30:   000000000000000f 0000000000000002
0x00007ff358a9ea40:   00000000000f0200 000000000000000f
0x00007ff358a9ea50:   00007ff358a9eca0 00007ff3758669c6 

Instructions: (pc=0x00007ff376b5e123)
0x00007ff376b5e103:   41 8b 00 48 83 c6 08 39 c7 7c e2 44 8d 48 ff 45
0x00007ff376b5e113:   89 08 48 63 85 4c ff ff ff 48 8b 95 40 ff ff ff
0x00007ff376b5e123:   4c 89 1c c2 83 85 48 ff ff ff 01 8b 85 3c ff ff
0x00007ff376b5e133:   ff 39 85 48 ff ff ff 0f 8c e1 fd ff ff 8b 85 3c 

Register to memory mapping:

RAX=0x0000000007016400 is an unknown value
RBX=0x00007ff3700ccb80 is an unknown value
RCX=0x00007ff370012410 is an unknown value
RDX=0x00007ff330003840 is an unknown value
RSP=0x00007ff358a9e860 is pointing into the stack for thread: 0x00007ff3700d4000
RBP=0x00007ff358a9e950 is pointing into the stack for thread: 0x00007ff3700d4000
RSI=0x0000000000000001 is an unknown value
RDI=0x0000000000000001 is an unknown value
R8 =0x00007ff3700ccb80 is an unknown value
R9 =0x0000000000000000 is an unknown value
R10=0x0000000000000001 is an unknown value
R11=0x00007ff330004138 is an unknown value
R12=0x00007ff37000dd00 is an unknown value
R13={method} {0x00007ff2eaa67588} '<init>' '()V' in 'fr/cnes/regards/modules/accessRights/rest/AccessesController'
R14=0x00000001002e9da0 is pointing into metadata
R15=0x00007ff358a9ea20 is pointing into the stack for thread: 0x00007ff3700d4000


Stack: [0x00007ff35899f000,0x00007ff358aa0000],  sp=0x00007ff358a9e860,  free space=1022k
Native frames: (J=compiled Java code, j=interpreted, Vv=VM code, C=native code)
V  [libjvm.so+0x78a123]  JvmtiEnv::GetClassMethods(oopDesc*, int*, _jmethodID***)+0x2f3
V  [libjvm.so+0x73c380]  jvmti_GetClassMethods+0x290
C  [libjdwp.so+0x696e]  methods1+0x7e
C  [libjdwp.so+0x119c6]  debugLoop_run+0x2b6
C  [libjdwp.so+0x247ff]  attachThread+0x2f
V  [libjvm.so+0x7a48c2]  JvmtiAgentThread::call_start_function()+0xc2
V  [libjvm.so+0xa6b77f]  JavaThread::thread_main_inner()+0xdf
V  [libjvm.so+0xa6b8ac]  JavaThread::run()+0x11c
V  [libjvm.so+0x91ef78]  java_start(Thread*)+0x108
C  [libpthread.so.0+0x7dc5]  start_thread+0xc5


---------------  P R O C E S S  ---------------

Java Threads: ( => current thread )
  0x00007ff2d8001000 JavaThread "MessageBroker-2" [_thread_blocked, id=21637, stack(0x00007ff2eaab6000,0x00007ff2eabb7000)]
  0x00007ff372713000 JavaThread "pollingConfigurationSource" daemon [_thread_blocked, id=21572, stack(0x00007ff2eabb7000,0x00007ff2eacb8000)]
  0x00007ff37269f800 JavaThread "MessageBroker-1" [_thread_blocked, id=21571, stack(0x00007ff2eb0b8000,0x00007ff2eb1b9000)]
  0x00007ff371765800 JavaThread "Tomcat JDBC Pool Cleaner[414493378:1475249714156]" daemon [_thread_blocked, id=21560, stack(0x00007ff3500bd000,0x00007ff3501be000)]
  0x00007ff371c79000 JavaThread "org.eclipse.jetty.server.session.HashSessionManager@36871e98Timer" daemon [_thread_blocked, id=21559, stack(0x00007ff3501c4000,0x00007ff3502c5000)]
  0x00007ff371c1f000 JavaThread "qtp734729236-25" [_thread_blocked, id=21558, stack(0x00007ff3502c5000,0x00007ff3503c6000)]
  0x00007ff371c1d800 JavaThread "qtp734729236-24" [_thread_blocked, id=21557, stack(0x00007ff3503c6000,0x00007ff3504c7000)]
  0x00007ff371c1b800 JavaThread "qtp734729236-23" [_thread_blocked, id=21556, stack(0x00007ff3504c7000,0x00007ff3505c8000)]
  0x00007ff371c1a000 JavaThread "qtp734729236-22" [_thread_blocked, id=21555, stack(0x00007ff3505c8000,0x00007ff3506c9000)]
  0x00007ff371c18000 JavaThread "qtp734729236-21" [_thread_blocked, id=21554, stack(0x00007ff3506c9000,0x00007ff3507ca000)]
  0x00007ff371c16000 JavaThread "qtp734729236-20-acceptor-0@387bbd7a-ServerConnector@7f030c72{HTTP/1.1,[http/1.1]}{0.0.0.0:38418}" [_thread_in_native, id=21553, stack(0x00007ff3507ca000,0x00007ff3508cb000)]
  0x00007ff371c15800 JavaThread "qtp734729236-19" [_thread_in_native, id=21552, stack(0x00007ff3508cb000,0x00007ff3509cc000)]
  0x00007ff371c0f800 JavaThread "qtp734729236-18" [_thread_in_native, id=21551, stack(0x00007ff351e8e000,0x00007ff351f8f000)]
  0x00007ff370957000 JavaThread "ReaderThread" [_thread_in_native, id=21544, stack(0x00007ff353aef000,0x00007ff353bf0000)]
  0x00007ff3700e2000 JavaThread "Service Thread" daemon [_thread_blocked, id=21542, stack(0x00007ff358399000,0x00007ff35849a000)]
  0x00007ff3700de800 JavaThread "C1 CompilerThread2" daemon [_thread_blocked, id=21541, stack(0x00007ff35849a000,0x00007ff35859b000)]
  0x00007ff3700dd000 JavaThread "C2 CompilerThread1" daemon [_thread_blocked, id=21540, stack(0x00007ff35859b000,0x00007ff35869c000)]
  0x00007ff3700da000 JavaThread "C2 CompilerThread0" daemon [_thread_blocked, id=21539, stack(0x00007ff35869c000,0x00007ff35879d000)]
  0x00007ff330001000 JavaThread "JDWP Command Reader" daemon [_thread_in_native, id=21535, stack(0x00007ff35879d000,0x00007ff35889e000)]
  0x00007ff3700d7800 JavaThread "JDWP Event Helper Thread" daemon [_thread_blocked, id=21534, stack(0x00007ff35889e000,0x00007ff35899f000)]
=>0x00007ff3700d4000 JavaThread "JDWP Transport Listener: dt_socket" daemon [_thread_in_vm, id=21531, stack(0x00007ff35899f000,0x00007ff358aa0000)]
  0x00007ff3700c2000 JavaThread "Signal Dispatcher" daemon [_thread_blocked, id=21529, stack(0x00007ff358ca4000,0x00007ff358da5000)]
  0x00007ff370090000 JavaThread "Finalizer" daemon [_thread_blocked, id=21528, stack(0x00007ff358da5000,0x00007ff358ea6000)]
  0x00007ff37008b000 JavaThread "Reference Handler" daemon [_thread_blocked, id=21527, stack(0x00007ff358ea6000,0x00007ff358fa7000)]
  0x00007ff370015800 JavaThread "main" [_thread_blocked, id=21520, stack(0x00007ff377eb6000,0x00007ff377fb7000)]

Other Threads:
  0x00007ff370083800 VMThread [stack: 0x00007ff358fa7000,0x00007ff3590a8000] [id=21526]
  0x00007ff3700e5800 WatcherThread [stack: 0x00007ff358298000,0x00007ff358399000] [id=21543]

VM state:not at safepoint (normal execution)

VM Mutex/Monitor currently owned by a thread: None

Heap:
 PSYoungGen      total 484864K, used 472602K [0x00000000d6d80000, 0x00000000f9b00000, 0x0000000100000000)
  eden space 467968K, 98% used [0x00000000d6d80000,0x00000000f2e7e3b8,0x00000000f3680000)
  from space 16896K, 75% used [0x00000000f3680000,0x00000000f4308520,0x00000000f4700000)
  to   space 17920K, 0% used [0x00000000f8980000,0x00000000f8980000,0x00000000f9b00000)
 ParOldGen       total 85504K, used 38526K [0x0000000084800000, 0x0000000089b80000, 0x00000000d6d80000)
  object space 85504K, 45% used [0x0000000084800000,0x0000000086d9fab8,0x0000000089b80000)
 Metaspace       used 57935K, capacity 58562K, committed 59008K, reserved 1099776K
  class space    used 7560K, capacity 7715K, committed 7808K, reserved 1048576K

Card table byte_map: [0x00007ff374a87000,0x00007ff374e64000] byte_map_base: 0x00007ff374663000

Marking Bits: (ParMarkBitMap*) 0x00007ff37738ad60
 Begin Bits: [0x00007ff348240000, 0x00007ff34a120000)
 End Bits:   [0x00007ff34a120000, 0x00007ff34c000000)

Polling page: 0x00007ff377fce000

CodeCache: size=245760Kb used=19354Kb max_used=19895Kb free=226405Kb
 bounds [0x00007ff35aad9000, 0x00007ff35be69000, 0x00007ff369ad9000]
 total_blobs=5537 nmethods=5040 adapters=418
 compilation: enabled

Compilation events (10 events):
Event: 487,009 Thread 0x00007ff3700dd000 5730       4       java.util.concurrent.locks.ReentrantLock$Sync::tryRelease (45 bytes)
Event: 487,011 Thread 0x00007ff3700dd000 nmethod 5730 0x00007ff35b014cd0 code [0x00007ff35b014e20, 0x00007ff35b014ed8]
Event: 577,099 Thread 0x00007ff3700de800 5731       3       java.util.Date::getTime (5 bytes)
Event: 577,099 Thread 0x00007ff3700de800 nmethod 5731 0x00007ff35b012a90 code [0x00007ff35b012c00, 0x00007ff35b012f08]
Event: 577,100 Thread 0x00007ff3700de800 5732       3       java.util.Date::getTimeImpl (27 bytes)
Event: 577,100 Thread 0x00007ff3700de800 nmethod 5732 0x00007ff35aece010 code [0x00007ff35aece180, 0x00007ff35aece428]
Event: 620,858 Thread 0x00007ff3700de800 5733       1       org.apache.tomcat.jdbc.pool.PoolProperties::isRemoveAbandoned (5 bytes)
Event: 620,858 Thread 0x00007ff3700de800 nmethod 5733 0x00007ff35b0be450 code [0x00007ff35b0be5a0, 0x00007ff35b0be6b0]
Event: 620,859 Thread 0x00007ff3700de800 5734       1       org.apache.tomcat.jdbc.pool.PoolProperties::isTestWhileIdle (5 bytes)
Event: 620,859 Thread 0x00007ff3700de800 nmethod 5734 0x00007ff35acf4590 code [0x00007ff35acf46e0, 0x00007ff35acf47f0]

GC Heap History (10 events):
Event: 6,065 GC heap before
{Heap before GC invocations=11 (full 1):
 PSYoungGen      total 252416K, used 252396K [0x00000000d6d80000, 0x00000000ebf00000, 0x0000000100000000)
  eden space 243712K, 100% used [0x00000000d6d80000,0x00000000e5b80000,0x00000000e5b80000)
  from space 8704K, 99% used [0x00000000e5b80000,0x00000000e63fb308,0x00000000e6400000)
  to   space 9728K, 0% used [0x00000000eb580000,0x00000000eb580000,0x00000000ebf00000)
 ParOldGen       total 50688K, used 9958K [0x0000000084800000, 0x0000000087980000, 0x00000000d6d80000)
  object space 50688K, 19% used [0x0000000084800000,0x00000000851b9ba0,0x0000000087980000)
 Metaspace       used 28808K, capacity 29064K, committed 29440K, reserved 1075200K
  class space    used 3618K, capacity 3717K, committed 3840K, reserved 1048576K
Event: 6,075 GC heap after
Heap after GC invocations=11 (full 1):
 PSYoungGen      total 333312K, used 9696K [0x00000000d6d80000, 0x00000000ee400000, 0x0000000100000000)
  eden space 323584K, 0% used [0x00000000d6d80000,0x00000000d6d80000,0x00000000ea980000)
  from space 9728K, 99% used [0x00000000eb580000,0x00000000ebef8320,0x00000000ebf00000)
  to   space 12288K, 0% used [0x00000000ea980000,0x00000000ea980000,0x00000000eb580000)
 ParOldGen       total 50688K, used 13325K [0x0000000084800000, 0x0000000087980000, 0x00000000d6d80000)
  object space 50688K, 26% used [0x0000000084800000,0x0000000085503440,0x0000000087980000)
 Metaspace       used 28808K, capacity 29064K, committed 29440K, reserved 1075200K
  class space    used 3618K, capacity 3717K, committed 3840K, reserved 1048576K
}
Event: 7,168 GC heap before
{Heap before GC invocations=12 (full 1):
 PSYoungGen      total 333312K, used 268463K [0x00000000d6d80000, 0x00000000ee400000, 0x0000000100000000)
  eden space 323584K, 79% used [0x00000000d6d80000,0x00000000e6a33be0,0x00000000ea980000)
  from space 9728K, 99% used [0x00000000eb580000,0x00000000ebef8320,0x00000000ebf00000)
  to   space 12288K, 0% used [0x00000000ea980000,0x00000000ea980000,0x00000000eb580000)
 ParOldGen       total 50688K, used 13325K [0x0000000084800000, 0x0000000087980000, 0x00000000d6d80000)
  object space 50688K, 26% used [0x0000000084800000,0x0000000085503440,0x0000000087980000)
 Metaspace       used 34840K, capacity 35186K, committed 35496K, reserved 1081344K
  class space    used 4426K, capacity 4546K, committed 4608K, reserved 1048576K
Event: 7,185 GC heap after
Heap after GC invocations=12 (full 1):
 PSYoungGen      total 335872K, used 10453K [0x00000000d6d80000, 0x00000000f5780000, 0x0000000100000000)
  eden space 323584K, 0% used [0x00000000d6d80000,0x00000000d6d80000,0x00000000ea980000)
  from space 12288K, 85% used [0x00000000ea980000,0x00000000eb3b5630,0x00000000eb580000)
  to   space 13312K, 0% used [0x00000000f4a80000,0x00000000f4a80000,0x00000000f5780000)
 ParOldGen       total 50688K, used 18073K [0x0000000084800000, 0x0000000087980000, 0x00000000d6d80000)
  object space 50688K, 35% used [0x0000000084800000,0x00000000859a6410,0x0000000087980000)
 Metaspace       used 34840K, capacity 35186K, committed 35496K, reserved 1081344K
  class space    used 4426K, capacity 4546K, committed 4608K, reserved 1048576K
}
Event: 7,185 GC heap before
{Heap before GC invocations=13 (full 2):
 PSYoungGen      total 335872K, used 10453K [0x00000000d6d80000, 0x00000000f5780000, 0x0000000100000000)
  eden space 323584K, 0% used [0x00000000d6d80000,0x00000000d6d80000,0x00000000ea980000)
  from space 12288K, 85% used [0x00000000ea980000,0x00000000eb3b5630,0x00000000eb580000)
  to   space 13312K, 0% used [0x00000000f4a80000,0x00000000f4a80000,0x00000000f5780000)
 ParOldGen       total 50688K, used 18073K [0x0000000084800000, 0x0000000087980000, 0x00000000d6d80000)
  object space 50688K, 35% used [0x0000000084800000,0x00000000859a6410,0x0000000087980000)
 Metaspace       used 34840K, capacity 35186K, committed 35496K, reserved 1081344K
  class space    used 4426K, capacity 4546K, committed 4608K, reserved 1048576K
Event: 7,256 GC heap after
Heap after GC invocations=13 (full 2):
 PSYoungGen      total 335872K, used 0K [0x00000000d6d80000, 0x00000000f5780000, 0x0000000100000000)
  eden space 323584K, 0% used [0x00000000d6d80000,0x00000000d6d80000,0x00000000ea980000)
  from space 12288K, 0% used [0x00000000ea980000,0x00000000ea980000,0x00000000eb580000)
  to   space 13312K, 0% used [0x00000000f4a80000,0x00000000f4a80000,0x00000000f5780000)
 ParOldGen       total 85504K, used 24122K [0x0000000084800000, 0x0000000089b80000, 0x00000000d6d80000)
  object space 85504K, 28% used [0x0000000084800000,0x0000000085f8e958,0x0000000089b80000)
 Metaspace       used 34840K, capacity 35186K, committed 35496K, reserved 1081344K
  class space    used 4426K, capacity 4546K, committed 4608K, reserved 1048576K
}
Event: 12,056 GC heap before
{Heap before GC invocations=14 (full 2):
 PSYoungGen      total 335872K, used 323584K [0x00000000d6d80000, 0x00000000f5780000, 0x0000000100000000)
  eden space 323584K, 100% used [0x00000000d6d80000,0x00000000ea980000,0x00000000ea980000)
  from space 12288K, 0% used [0x00000000ea980000,0x00000000ea980000,0x00000000eb580000)
  to   space 13312K, 0% used [0x00000000f4a80000,0x00000000f4a80000,0x00000000f5780000)
 ParOldGen       total 85504K, used 24122K [0x0000000084800000, 0x0000000089b80000, 0x00000000d6d80000)
  object space 85504K, 28% used [0x0000000084800000,0x0000000085f8e958,0x0000000089b80000)
 Metaspace       used 47449K, capacity 47852K, committed 48256K, reserved 1091584K
  class space    used 6118K, capacity 6232K, committed 6272K, reserved 1048576K
Event: 12,077 GC heap after
Heap after GC invocations=14 (full 2):
 PSYoungGen      total 428544K, used 13294K [0x00000000d6d80000, 0x00000000f5780000, 0x0000000100000000)
  eden space 415232K, 0% used [0x00000000d6d80000,0x00000000d6d80000,0x00000000f0300000)
  from space 13312K, 99% used [0x00000000f4a80000,0x00000000f577bad8,0x00000000f5780000)
  to   space 16896K, 0% used [0x00000000f3680000,0x00000000f3680000,0x00000000f4700000)
 ParOldGen       total 85504K, used 29467K [0x0000000084800000, 0x0000000089b80000, 0x00000000d6d80000)
  object space 85504K, 34% used [0x0000000084800000,0x00000000864c6fc0,0x0000000089b80000)
 Metaspace       used 47449K, capacity 47852K, committed 48256K, reserved 1091584K
  class space    used 6118K, capacity 6232K, committed 6272K, reserved 1048576K
}
Event: 13,766 GC heap before
{Heap before GC invocations=15 (full 2):
 PSYoungGen      total 428544K, used 428526K [0x00000000d6d80000, 0x00000000f5780000, 0x0000000100000000)
  eden space 415232K, 100% used [0x00000000d6d80000,0x00000000f0300000,0x00000000f0300000)
  from space 13312K, 99% used [0x00000000f4a80000,0x00000000f577bad8,0x00000000f5780000)
  to   space 16896K, 0% used [0x00000000f3680000,0x00000000f3680000,0x00000000f4700000)
 ParOldGen       total 85504K, used 29467K [0x0000000084800000, 0x0000000089b80000, 0x00000000d6d80000)
  object space 85504K, 34% used [0x0000000084800000,0x00000000864c6fc0,0x0000000089b80000)
 Metaspace       used 52151K, capacity 52694K, committed 52992K, reserved 1095680K
  class space    used 6754K, capacity 6901K, committed 6912K, reserved 1048576K
Event: 13,794 GC heap after
Heap after GC invocations=15 (full 2):
 PSYoungGen      total 484864K, used 12833K [0x00000000d6d80000, 0x00000000f9b00000, 0x0000000100000000)
  eden space 467968K, 0% used [0x00000000d6d80000,0x00000000d6d80000,0x00000000f3680000)
  from space 16896K, 75% used [0x00000000f3680000,0x00000000f4308520,0x00000000f4700000)
  to   space 17920K, 0% used [0x00000000f8980000,0x00000000f8980000,0x00000000f9b00000)
 ParOldGen       total 85504K, used 38526K [0x0000000084800000, 0x0000000089b80000, 0x00000000d6d80000)
  object space 85504K, 45% used [0x0000000084800000,0x0000000086d9fab8,0x0000000089b80000)
 Metaspace       used 52151K, capacity 52694K, committed 52992K, reserved 1095680K
  class space    used 6754K, capacity 6901K, committed 6912K, reserved 1048576K
}

Deoptimization events (10 events):
Event: 18,223 Thread 0x00007ff370015800 Uncommon trap: reason=unhandled action=none pc=0x00007ff35b90fed0 method=java.net.URLClassLoader.findClass(Ljava/lang/String;)Ljava/lang/Class; @ 44
Event: 18,223 Thread 0x00007ff370015800 Uncommon trap: reason=unhandled action=none pc=0x00007ff35b90fed0 method=java.net.URLClassLoader.findClass(Ljava/lang/String;)Ljava/lang/Class; @ 44
Event: 18,224 Thread 0x00007ff370015800 Uncommon trap: reason=unhandled action=none pc=0x00007ff35b90fed0 method=java.net.URLClassLoader.findClass(Ljava/lang/String;)Ljava/lang/Class; @ 44
Event: 18,224 Thread 0x00007ff370015800 Uncommon trap: reason=unhandled action=none pc=0x00007ff35b90fed0 method=java.net.URLClassLoader.findClass(Ljava/lang/String;)Ljava/lang/Class; @ 44
Event: 18,224 Thread 0x00007ff370015800 Uncommon trap: reason=unhandled action=none pc=0x00007ff35b90fed0 method=java.net.URLClassLoader.findClass(Ljava/lang/String;)Ljava/lang/Class; @ 44
Event: 18,224 Thread 0x00007ff370015800 Uncommon trap: reason=unhandled action=none pc=0x00007ff35b90fed0 method=java.net.URLClassLoader.findClass(Ljava/lang/String;)Ljava/lang/Class; @ 44
Event: 18,225 Thread 0x00007ff370015800 Uncommon trap: reason=unhandled action=none pc=0x00007ff35b90fed0 method=java.net.URLClassLoader.findClass(Ljava/lang/String;)Ljava/lang/Class; @ 44
Event: 18,225 Thread 0x00007ff370015800 Uncommon trap: reason=unhandled action=none pc=0x00007ff35b90fed0 method=java.net.URLClassLoader.findClass(Ljava/lang/String;)Ljava/lang/Class; @ 44
Event: 18,227 Thread 0x00007ff370015800 Uncommon trap: reason=unhandled action=none pc=0x00007ff35b90fed0 method=java.net.URLClassLoader.findClass(Ljava/lang/String;)Ljava/lang/Class; @ 44
Event: 18,227 Thread 0x00007ff370015800 Uncommon trap: reason=unhandled action=none pc=0x00007ff35b90fed0 method=java.net.URLClassLoader.findClass(Ljava/lang/String;)Ljava/lang/Class; @ 44

Internal exceptions (10 events):
Event: 18,042 Thread 0x00007ff370015800 Exception <a 'java/lang/ArrayIndexOutOfBoundsException': 25> (0x00000000f069e980) thrown at [/HUDSON/workspace/8-2-build-linux-amd64/jdk8u91/6644/hotspot/src/share/vm/interpreter/interpreterRuntime.cpp, line 366]
Event: 18,042 Thread 0x00007ff370015800 Exception <a 'java/lang/ArrayIndexOutOfBoundsException': 25> (0x00000000f06a00d0) thrown at [/HUDSON/workspace/8-2-build-linux-amd64/jdk8u91/6644/hotspot/src/share/vm/interpreter/interpreterRuntime.cpp, line 366]
Event: 18,064 Thread 0x00007ff370015800 Exception <a 'java/lang/ArrayIndexOutOfBoundsException': 92> (0x00000000f08fa898) thrown at [/HUDSON/workspace/8-2-build-linux-amd64/jdk8u91/6644/hotspot/src/share/vm/interpreter/interpreterRuntime.cpp, line 366]
Event: 18,064 Thread 0x00007ff370015800 Exception <a 'java/lang/ArrayIndexOutOfBoundsException': 71> (0x00000000f08fbae0) thrown at [/HUDSON/workspace/8-2-build-linux-amd64/jdk8u91/6644/hotspot/src/share/vm/interpreter/interpreterRuntime.cpp, line 366]
Event: 18,064 Thread 0x00007ff370015800 Exception <a 'java/lang/ArrayIndexOutOfBoundsException': 105> (0x00000000f08fd958) thrown at [/HUDSON/workspace/8-2-build-linux-amd64/jdk8u91/6644/hotspot/src/share/vm/interpreter/interpreterRuntime.cpp, line 366]
Event: 18,064 Thread 0x00007ff370015800 Exception <a 'java/lang/ArrayIndexOutOfBoundsException': 84> (0x00000000f08ff968) thrown at [/HUDSON/workspace/8-2-build-linux-amd64/jdk8u91/6644/hotspot/src/share/vm/interpreter/interpreterRuntime.cpp, line 366]
Event: 18,066 Thread 0x00007ff370015800 Exception <a 'java/lang/ArrayIndexOutOfBoundsException': 56> (0x00000000f09090d0) thrown at [/HUDSON/workspace/8-2-build-linux-amd64/jdk8u91/6644/hotspot/src/share/vm/interpreter/interpreterRuntime.cpp, line 366]
Event: 18,074 Thread 0x00007ff370015800 Exception <a 'java/lang/ArrayIndexOutOfBoundsException': 128> (0x00000000f0b145c0) thrown at [/HUDSON/workspace/8-2-build-linux-amd64/jdk8u91/6644/hotspot/src/share/vm/interpreter/interpreterRuntime.cpp, line 366]
Event: 18,074 Thread 0x00007ff370015800 Exception <a 'java/lang/ArrayIndexOutOfBoundsException': 54> (0x00000000f0b157d0) thrown at [/HUDSON/workspace/8-2-build-linux-amd64/jdk8u91/6644/hotspot/src/share/vm/interpreter/interpreterRuntime.cpp, line 366]
Event: 18,076 Thread 0x00007ff370015800 Exception <a 'java/lang/ArrayIndexOutOfBoundsException': 56> (0x00000000f0b1e8f0) thrown at [/HUDSON/workspace/8-2-build-linux-amd64/jdk8u91/6644/hotspot/src/share/vm/interpreter/interpreterRuntime.cpp, line 366]

Events (10 events):
Event: 425,858 Thread 0x00007ff3700de800 flushing nmethod 0x00007ff35b15d950
Event: 425,858 Thread 0x00007ff3700de800 flushing nmethod 0x00007ff35b19c410
Event: 608,099 Executing VM operation: ChangeBreakpoints
Event: 608,099 Executing VM operation: ChangeBreakpoints done
Event: 620,858 Thread 0x00007ff3700de800 flushing nmethod 0x00007ff35b5ab350
Event: 620,858 Thread 0x00007ff3700de800 flushing nmethod 0x00007ff35b5acd10
Event: 620,858 Thread 0x00007ff3700de800 flushing nmethod 0x00007ff35b5ad190
Event: 620,858 Thread 0x00007ff3700de800 flushing nmethod 0x00007ff35b5ae790
Event: 630,051 Executing VM operation: RedefineClasses
Event: 630,082 Executing VM operation: RedefineClasses done


Dynamic libraries:
00400000-00401000 r-xp 00000000 08:06 157849                             /opt/jdk1.8.0_91/bin/java
00600000-00601000 rw-p 00000000 08:06 157849                             /opt/jdk1.8.0_91/bin/java
025f6000-02617000 rw-p 00000000 00:00 0                                  [heap]
84800000-89b80000 rw-p 00000000 00:00 0 
89b80000-d6d80000 ---p 00000000 00:00 0 
d6d80000-f9b00000 rw-p 00000000 00:00 0 
f9b00000-100000000 ---p 00000000 00:00 0 
100000000-1007a0000 rw-p 00000000 00:00 0 
1007a0000-140000000 ---p 00000000 00:00 0 
7ff2d0000000-7ff2d0021000 rw-p 00000000 00:00 0 
7ff2d0021000-7ff2d4000000 ---p 00000000 00:00 0 
7ff2d8000000-7ff2d8021000 rw-p 00000000 00:00 0 
7ff2d8021000-7ff2dc000000 ---p 00000000 00:00 0 
7ff2dc000000-7ff2dc021000 rw-p 00000000 00:00 0 
7ff2dc021000-7ff2e0000000 ---p 00000000 00:00 0 
7ff2e0000000-7ff2e0021000 rw-p 00000000 00:00 0 
7ff2e0021000-7ff2e4000000 ---p 00000000 00:00 0 
7ff2e4000000-7ff2e4021000 rw-p 00000000 00:00 0 
7ff2e4021000-7ff2e8000000 ---p 00000000 00:00 0 
7ff2ea8b6000-7ff2eaab6000 rw-p 00000000 00:00 0 
7ff2eaab6000-7ff2eaab9000 ---p 00000000 00:00 0 
7ff2eaab9000-7ff2eabb7000 rw-p 00000000 00:00 0                          [stack:21637]
7ff2eabb7000-7ff2eabba000 ---p 00000000 00:00 0 
7ff2eabba000-7ff2eaeb8000 rw-p 00000000 00:00 0                          [stack:21572]
7ff2eaeb8000-7ff2eb0b8000 rw-p 00000000 00:00 0 
7ff2eb0b8000-7ff2eb0bb000 ---p 00000000 00:00 0 
7ff2eb0bb000-7ff2eb3b9000 rw-p 00000000 00:00 0                          [stack:21571]
7ff2eb3b9000-7ff2eb5b9000 rw-p 00000000 00:00 0 
7ff2eb5b9000-7ff2eb7b9000 rw-p 00000000 00:00 0 
7ff2eb7b9000-7ff2eb9b9000 rw-p 00000000 00:00 0 
7ff2eb9b9000-7ff2ebbb9000 rw-p 00000000 00:00 0 
7ff2ebbb9000-7ff2ebdb9000 rw-p 00000000 00:00 0 
7ff2ebdb9000-7ff2ebdeb000 r-xp 00000000 08:06 279969                     /opt/jdk1.8.0_91/jre/lib/amd64/libsunec.so
7ff2ebdeb000-7ff2ebfea000 ---p 00032000 08:06 279969                     /opt/jdk1.8.0_91/jre/lib/amd64/libsunec.so
7ff2ebfea000-7ff2ebff0000 rw-p 00031000 08:06 279969                     /opt/jdk1.8.0_91/jre/lib/amd64/libsunec.so
7ff2ebff0000-7ff2ec000000 rw-p 00000000 00:00 0 
7ff2ec000000-7ff2ec021000 rw-p 00000000 00:00 0 
7ff2ec021000-7ff2f0000000 ---p 00000000 00:00 0 
7ff2f0000000-7ff2f0021000 rw-p 00000000 00:00 0 
7ff2f0021000-7ff2f4000000 ---p 00000000 00:00 0 
7ff2f4000000-7ff2f4021000 rw-p 00000000 00:00 0 
7ff2f4021000-7ff2f8000000 ---p 00000000 00:00 0 
7ff2f8000000-7ff2f8021000 rw-p 00000000 00:00 0 
7ff2f8021000-7ff2fc000000 ---p 00000000 00:00 0 
7ff2fc000000-7ff2fc021000 rw-p 00000000 00:00 0 
7ff2fc021000-7ff300000000 ---p 00000000 00:00 0 
7ff300000000-7ff300021000 rw-p 00000000 00:00 0 
7ff300021000-7ff304000000 ---p 00000000 00:00 0 
7ff304000000-7ff3041a5000 rw-p 00000000 00:00 0 
7ff3041a5000-7ff308000000 ---p 00000000 00:00 0 
7ff308000000-7ff308021000 rw-p 00000000 00:00 0 
7ff308021000-7ff30c000000 ---p 00000000 00:00 0 
7ff30c000000-7ff30c021000 rw-p 00000000 00:00 0 
7ff30c021000-7ff310000000 ---p 00000000 00:00 0 
7ff310000000-7ff310021000 rw-p 00000000 00:00 0 
7ff310021000-7ff314000000 ---p 00000000 00:00 0 
7ff314000000-7ff3154bf000 rw-p 00000000 00:00 0 
7ff3154bf000-7ff318000000 ---p 00000000 00:00 0 
7ff318000000-7ff318021000 rw-p 00000000 00:00 0 
7ff318021000-7ff31c000000 ---p 00000000 00:00 0 
7ff31c000000-7ff31e7d3000 rw-p 00000000 00:00 0 
7ff31e7d3000-7ff320000000 ---p 00000000 00:00 0 
7ff320000000-7ff322e48000 rw-p 00000000 00:00 0 
7ff322e48000-7ff324000000 ---p 00000000 00:00 0 
7ff324000000-7ff324021000 rw-p 00000000 00:00 0 
7ff324021000-7ff328000000 ---p 00000000 00:00 0 
7ff328000000-7ff328021000 rw-p 00000000 00:00 0 
7ff328021000-7ff32c000000 ---p 00000000 00:00 0 
7ff32c000000-7ff32c021000 rw-p 00000000 00:00 0 
7ff32c021000-7ff330000000 ---p 00000000 00:00 0 
7ff330000000-7ff3302e7000 rw-p 00000000 00:00 0 
7ff3302e7000-7ff334000000 ---p 00000000 00:00 0 
7ff334000000-7ff334021000 rw-p 00000000 00:00 0 
7ff334021000-7ff338000000 ---p 00000000 00:00 0 
7ff338000000-7ff338021000 rw-p 00000000 00:00 0 
7ff338021000-7ff33c000000 ---p 00000000 00:00 0 
7ff33c000000-7ff33c021000 rw-p 00000000 00:00 0 
7ff33c021000-7ff340000000 ---p 00000000 00:00 0 
7ff340000000-7ff3400a5000 rw-p 00000000 00:00 0 
7ff3400a5000-7ff344000000 ---p 00000000 00:00 0 
7ff344000000-7ff344021000 rw-p 00000000 00:00 0 
7ff344021000-7ff348000000 ---p 00000000 00:00 0 
7ff348040000-7ff348240000 rw-p 00000000 00:00 0 
7ff348240000-7ff34c000000 rw-p 00000000 00:00 0 
7ff34c000000-7ff34c021000 rw-p 00000000 00:00 0 
7ff34c021000-7ff350000000 ---p 00000000 00:00 0 
7ff3500bc000-7ff3500bd000 rw-p 00000000 00:00 0 
7ff3500bd000-7ff3500c0000 ---p 00000000 00:00 0 
7ff3500c0000-7ff3501be000 rw-p 00000000 00:00 0                          [stack:21560]
7ff3501be000-7ff3501c4000 r--s 0003f000 08:06 279872                     /opt/jdk1.8.0_91/jre/lib/ext/sunjce_provider.jar
7ff3501c4000-7ff3501c7000 ---p 00000000 00:00 0 
7ff3501c7000-7ff3502c5000 rw-p 00000000 00:00 0                          [stack:21559]
7ff3502c5000-7ff3502c8000 ---p 00000000 00:00 0 
7ff3502c8000-7ff3503c6000 rw-p 00000000 00:00 0                          [stack:21558]
7ff3503c6000-7ff3503c9000 ---p 00000000 00:00 0 
7ff3503c9000-7ff3504c7000 rw-p 00000000 00:00 0                          [stack:21557]
7ff3504c7000-7ff3504ca000 ---p 00000000 00:00 0 
7ff3504ca000-7ff3505c8000 rw-p 00000000 00:00 0                          [stack:21556]
7ff3505c8000-7ff3505cb000 ---p 00000000 00:00 0 
7ff3505cb000-7ff3506c9000 rw-p 00000000 00:00 0                          [stack:21555]
7ff3506c9000-7ff3506cc000 ---p 00000000 00:00 0 
7ff3506cc000-7ff3507ca000 rw-p 00000000 00:00 0                          [stack:21554]
7ff3507ca000-7ff3507cd000 ---p 00000000 00:00 0 
7ff3507cd000-7ff3508cb000 rw-p 00000000 00:00 0                          [stack:21553]
7ff3508cb000-7ff3508ce000 ---p 00000000 00:00 0 
7ff3508ce000-7ff3509cc000 rw-p 00000000 00:00 0                          [stack:21552]
7ff3509cc000-7ff3509dd000 r-xp 00000000 08:06 280017                     /opt/jdk1.8.0_91/jre/lib/amd64/libnio.so
7ff3509dd000-7ff350bdc000 ---p 00011000 08:06 280017                     /opt/jdk1.8.0_91/jre/lib/amd64/libnio.so
7ff350bdc000-7ff350bdd000 rw-p 00010000 08:06 280017                     /opt/jdk1.8.0_91/jre/lib/amd64/libnio.so
7ff350bdd000-7ff350ddd000 rw-p 00000000 00:00 0 
7ff350ddd000-7ff350fdd000 rw-p 00000000 00:00 0 
7ff350fdd000-7ff3511dd000 rw-p 00000000 00:00 0 
7ff3511dd000-7ff3513dd000 rw-p 00000000 00:00 0 
7ff3513dd000-7ff3515dd000 rw-p 00000000 00:00 0 
7ff3515dd000-7ff3515f0000 r--s 00344000 08:06 279846                     /opt/jdk1.8.0_91/jre/lib/resources.jar
7ff3515f0000-7ff3517f0000 rw-p 00000000 00:00 0 
7ff3517f0000-7ff3519f0000 rw-p 00000000 00:00 0 
7ff3519f0000-7ff351a85000 r--s 01103000 08:06 279865                     /opt/jdk1.8.0_91/jre/lib/ext/jfxrt.jar
7ff351a85000-7ff351c85000 rw-p 00000000 00:00 0 
7ff351c85000-7ff351c8e000 r-xp 00000000 08:06 280022                     /opt/jdk1.8.0_91/jre/lib/amd64/libmanagement.so
7ff351c8e000-7ff351e8d000 ---p 00009000 08:06 280022                     /opt/jdk1.8.0_91/jre/lib/amd64/libmanagement.so
7ff351e8d000-7ff351e8e000 rw-p 00008000 08:06 280022                     /opt/jdk1.8.0_91/jre/lib/amd64/libmanagement.so
7ff351e8e000-7ff351e91000 ---p 00000000 00:00 0 
7ff351e91000-7ff35218f000 rw-p 00000000 00:00 0                          [stack:21551]
7ff35218f000-7ff35238f000 rw-p 00000000 00:00 0 
7ff35238f000-7ff35258f000 rw-p 00000000 00:00 0 
7ff35258f000-7ff3525a4000 r-xp 00000000 08:06 786028                     /usr/lib64/libz.so.1.2.7
7ff3525a4000-7ff3527a3000 ---p 00015000 08:06 786028                     /usr/lib64/libz.so.1.2.7
7ff3527a3000-7ff3527a4000 r--p 00014000 08:06 786028                     /usr/lib64/libz.so.1.2.7
7ff3527a4000-7ff3527a5000 rw-p 00015000 08:06 786028                     /usr/lib64/libz.so.1.2.7
7ff3527a5000-7ff3527b4000 r-xp 00000000 08:06 786105                     /usr/lib64/libbz2.so.1.0.6
7ff3527b4000-7ff3529b3000 ---p 0000f000 08:06 786105                     /usr/lib64/libbz2.so.1.0.6
7ff3529b3000-7ff3529b4000 r--p 0000e000 08:06 786105                     /usr/lib64/libbz2.so.1.0.6
7ff3529b4000-7ff3529b5000 rw-p 0000f000 08:06 786105                     /usr/lib64/libbz2.so.1.0.6
7ff3529b5000-7ff3529d9000 r-xp 00000000 08:06 786011                     /usr/lib64/liblzma.so.5.0.99
7ff3529d9000-7ff352bd8000 ---p 00024000 08:06 786011                     /usr/lib64/liblzma.so.5.0.99
7ff352bd8000-7ff352bd9000 r--p 00023000 08:06 786011                     /usr/lib64/liblzma.so.5.0.99
7ff352bd9000-7ff352bda000 rw-p 00024000 08:06 786011                     /usr/lib64/liblzma.so.5.0.99
7ff352bda000-7ff352bef000 r-xp 00000000 08:06 786451                     /usr/lib64/libelf-0.163.so
7ff352bef000-7ff352dee000 ---p 00015000 08:06 786451                     /usr/lib64/libelf-0.163.so
7ff352dee000-7ff352def000 r--p 00014000 08:06 786451                     /usr/lib64/libelf-0.163.so
7ff352def000-7ff352df0000 rw-p 00015000 08:06 786451                     /usr/lib64/libelf-0.163.so
7ff352df0000-7ff352df4000 r-xp 00000000 08:06 786466                     /usr/lib64/libattr.so.1.1.0
7ff352df4000-7ff352ff3000 ---p 00004000 08:06 786466                     /usr/lib64/libattr.so.1.1.0
7ff352ff3000-7ff352ff4000 r--p 00003000 08:06 786466                     /usr/lib64/libattr.so.1.1.0
7ff352ff4000-7ff352ff5000 rw-p 00004000 08:06 786466                     /usr/lib64/libattr.so.1.1.0
7ff352ff5000-7ff35300a000 r-xp 00000000 08:06 781844                     /usr/lib64/libgcc_s-4.8.5-20150702.so.1
7ff35300a000-7ff353209000 ---p 00015000 08:06 781844                     /usr/lib64/libgcc_s-4.8.5-20150702.so.1
7ff353209000-7ff35320a000 r--p 00014000 08:06 781844                     /usr/lib64/libgcc_s-4.8.5-20150702.so.1
7ff35320a000-7ff35320b000 rw-p 00015000 08:06 781844                     /usr/lib64/libgcc_s-4.8.5-20150702.so.1
7ff35320b000-7ff353250000 r-xp 00000000 08:06 786843                     /usr/lib64/libdw-0.163.so
7ff353250000-7ff35344f000 ---p 00045000 08:06 786843                     /usr/lib64/libdw-0.163.so
7ff35344f000-7ff353451000 r--p 00044000 08:06 786843                     /usr/lib64/libdw-0.163.so
7ff353451000-7ff353452000 rw-p 00046000 08:06 786843                     /usr/lib64/libdw-0.163.so
7ff353452000-7ff353456000 r-xp 00000000 08:06 786468                     /usr/lib64/libcap.so.2.22
7ff353456000-7ff353655000 ---p 00004000 08:06 786468                     /usr/lib64/libcap.so.2.22
7ff353655000-7ff353656000 r--p 00003000 08:06 786468                     /usr/lib64/libcap.so.2.22
7ff353656000-7ff353657000 rw-p 00004000 08:06 786468                     /usr/lib64/libcap.so.2.22
7ff353657000-7ff353664000 r-xp 00000000 08:06 785576                     /usr/lib64/libnss_myhostname.so.2
7ff353664000-7ff353667000 r--p 0000c000 08:06 785576                     /usr/lib64/libnss_myhostname.so.2
7ff353667000-7ff353668000 rw-p 0000f000 08:06 785576                     /usr/lib64/libnss_myhostname.so.2
7ff353668000-7ff35367e000 r-xp 00000000 08:06 785611                     /usr/lib64/libresolv-2.17.so
7ff35367e000-7ff35387e000 ---p 00016000 08:06 785611                     /usr/lib64/libresolv-2.17.so
7ff35387e000-7ff35387f000 r--p 00016000 08:06 785611                     /usr/lib64/libresolv-2.17.so
7ff35387f000-7ff353880000 rw-p 00017000 08:06 785611                     /usr/lib64/libresolv-2.17.so
7ff353880000-7ff353882000 rw-p 00000000 00:00 0 
7ff353882000-7ff353887000 r-xp 00000000 08:06 785599                     /usr/lib64/libnss_dns-2.17.so
7ff353887000-7ff353a86000 ---p 00005000 08:06 785599                     /usr/lib64/libnss_dns-2.17.so
7ff353a86000-7ff353a87000 r--p 00004000 08:06 785599                     /usr/lib64/libnss_dns-2.17.so
7ff353a87000-7ff353a88000 rw-p 00005000 08:06 785599                     /usr/lib64/libnss_dns-2.17.so
7ff353a88000-7ff353a8a000 rw-p 00000000 00:00 0 
7ff353a8a000-7ff353a8b000 r--s 00009000 08:06 279862                     /opt/jdk1.8.0_91/jre/lib/ext/sunec.jar
7ff353a8b000-7ff353a8f000 r--s 0003a000 08:06 279869                     /opt/jdk1.8.0_91/jre/lib/ext/sunpkcs11.jar
7ff353a8f000-7ff353a92000 r--s 0001a000 08:06 280030                     /opt/jdk1.8.0_91/jre/lib/jce.jar
7ff353a92000-7ff353a96000 r--s 00097000 08:06 279860                     /opt/jdk1.8.0_91/jre/lib/jsse.jar
7ff353a96000-7ff353a9c000 r--s 002f8000 08:06 279806                     /opt/jdk1.8.0_91/jre/lib/charsets.jar
7ff353a9c000-7ff353aa3000 r--s 00000000 08:06 785887                     /usr/lib64/gconv/gconv-modules.cache
7ff353aa3000-7ff353ac9000 r--p 00000000 08:06 785572                     /usr/share/locale/fr/LC_MESSAGES/libc.mo
7ff353ac9000-7ff353ad3000 r--s 00116000 08:06 279871                     /opt/jdk1.8.0_91/jre/lib/ext/localedata.jar
7ff353ad3000-7ff353aef000 r--s 00393000 08:06 279864                     /opt/jdk1.8.0_91/jre/lib/ext/cldrdata.jar
7ff353aef000-7ff353af2000 ---p 00000000 00:00 0 
7ff353af2000-7ff353bf0000 rw-p 00000000 00:00 0                          [stack:21544]
7ff353bf0000-7ff353c06000 r-xp 00000000 08:06 280014                     /opt/jdk1.8.0_91/jre/lib/amd64/libnet.so
7ff353c06000-7ff353e06000 ---p 00016000 08:06 280014                     /opt/jdk1.8.0_91/jre/lib/amd64/libnet.so
7ff353e06000-7ff353e07000 rw-p 00016000 08:06 280014                     /opt/jdk1.8.0_91/jre/lib/amd64/libnet.so
7ff353e07000-7ff353e0b000 r--s 00041000 08:05 7628609                    /home/xbrochard/.m2/repository/com/fasterxml/jackson/core/jackson-core/2.8.1/jackson-core-2.8.1.jar
7ff353e0b000-7ff353e0e000 r--s 0000b000 08:05 7628606                    /home/xbrochard/.m2/repository/com/fasterxml/jackson/core/jackson-annotations/2.8.1/jackson-annotations-2.8.1.jar
7ff353e0e000-7ff353e20000 r--s 0011b000 08:05 7628603                    /home/xbrochard/.m2/repository/com/fasterxml/jackson/core/jackson-databind/2.8.1/jackson-databind-2.8.1.jar
7ff353e20000-7ff353e2a000 r--s 0004e000 08:05 7628593                    /home/xbrochard/.m2/repository/org/springframework/security/spring-security-web/4.1.1.RELEASE/spring-security-web-4.1.1.RELEASE.jar
7ff353e2a000-7ff353e2f000 r--s 0003c000 08:05 7628383                    /home/xbrochard/.m2/repository/org/springframework/spring-expression/4.3.2.RELEASE/spring-expression-4.3.2.RELEASE.jar
7ff353e2f000-7ff353e31000 r--s 00000000 08:05 7390393                    /home/xbrochard/.m2/repository/aopalliance/aopalliance/1.0/aopalliance-1.0.jar
7ff353e31000-7ff353e3c000 r--s 00051000 08:05 7628596                    /home/xbrochard/.m2/repository/org/springframework/security/spring-security-core/4.1.1.RELEASE/spring-security-core-4.1.1.RELEASE.jar
7ff353e3c000-7ff353e3e000 r--s 0000a000 08:05 7406440                    /home/xbrochard/.m2/repository/org/springframework/security/spring-security-test/4.1.1.RELEASE/spring-security-test-4.1.1.RELEASE.jar
7ff353e3e000-7ff353e4c000 r--s 00083000 08:05 7866773                    /home/xbrochard/.m2/repository/org/springframework/spring-test/4.3.2.RELEASE/spring-test-4.3.2.RELEASE.jar
7ff353e4c000-7ff353e63000 r--s 000f9000 08:05 7628380                    /home/xbrochard/.m2/repository/org/springframework/spring-core/4.3.2.RELEASE/spring-core-4.3.2.RELEASE.jar
7ff353e63000-7ff353e64000 r--s 0000f000 08:05 7635046                    /home/xbrochard/.m2/repository/org/json/json/20140107/json-20140107.jar
7ff353e64000-7ff353e65000 r--s 00006000 08:05 7635044                    /home/xbrochard/.m2/repository/org/skyscreamer/jsonassert/1.3.0/jsonassert-1.3.0.jar
7ff353e65000-7ff353e66000 r--s 0000c000 08:05 7776024                    /home/xbrochard/.m2/repository/org/hamcrest/hamcrest-library/1.3/hamcrest-library-1.3.jar
7ff353e66000-7ff353e68000 r--s 00009000 08:05 7399019                    /home/xbrochard/.m2/repository/org/hamcrest/hamcrest-core/1.3/hamcrest-core-1.3.jar
7ff353e68000-7ff353e6a000 r--s 00009000 08:05 7776022                    /home/xbrochard/.m2/repository/org/objenesis/objenesis/2.1/objenesis-2.1.jar
7ff353e6a000-7ff353e86000 r--s 00103000 08:05 7776020                    /home/xbrochard/.m2/repository/org/mockito/mockito-core/1.10.19/mockito-core-1.10.19.jar
7ff353e86000-7ff353e99000 r--s 000d2000 08:05 7635050                    /home/xbrochard/.m2/repository/org/assertj/assertj-core/2.5.0/assertj-core-2.5.0.jar
7ff353e99000-7ff353ea1000 r--s 00045000 08:05 7399018                    /home/xbrochard/.m2/repository/junit/junit/4.12/junit-4.12.jar
7ff353ea1000-7ff353ea3000 r--s 00012000 08:05 7635038                    /home/xbrochard/.m2/repository/net/minidev/accessors-smart/1.1/accessors-smart-1.1.jar
7ff353ea3000-7ff353ea6000 r--s 0001b000 08:05 7635040                    /home/xbrochard/.m2/repository/net/minidev/json-smart/2.2.1/json-smart-2.2.1.jar
7ff353ea6000-7ff353eab000 r--s 0002e000 08:05 7635042                    /home/xbrochard/.m2/repository/com/jayway/jsonpath/json-path/2.2.0/json-path-2.2.0.jar
7ff353eab000-7ff353ec8000 r--s 000c7000 08:05 7628659                    /home/xbrochard/.m2/repository/org/springframework/boot/spring-boot-autoconfigure/1.4.0.RELEASE/spring-boot-autoconfigure-1.4.0.RELEASE.jar
7ff353ec8000-7ff353ecc000 r--s 00013000 08:05 7635048                    /home/xbrochard/.m2/repository/org/springframework/boot/spring-boot-test-autoconfigure/1.4.0.RELEASE/spring-boot-test-autoconfigure-1.4.0.RELEASE.jar
7ff353ecc000-7ff353edb000 r--s 0008f000 08:05 7628653                    /home/xbrochard/.m2/repository/org/springframework/boot/spring-boot/1.4.0.RELEASE/spring-boot-1.4.0.RELEASE.jar
7ff353edb000-7ff353ee0000 r--s 0001e000 08:05 7628657                    /home/xbrochard/.m2/repository/org/springframework/boot/spring-boot-test/1.4.0.RELEASE/spring-boot-test-1.4.0.RELEASE.jar
7ff353ee0000-7ff353ee1000 r--s 00000000 08:05 7866771                    /home/xbrochard/.m2/repository/org/springframework/boot/spring-boot-starter-test/1.4.0.RELEASE/spring-boot-starter-test-1.4.0.RELEASE.jar
7ff353ee1000-7ff353ee2000 r--s 00000000 08:05 7423626                    /home/xbrochard/.m2/repository/org/springframework/cloud/spring-cloud-starter-feign/1.1.5.RELEASE/spring-cloud-starter-feign-1.1.5.RELEASE.jar
7ff353ee2000-7ff353ee3000 r--s 00000000 08:05 140212                     /home/xbrochard/.m2/repository/com/netflix/feign/feign-slf4j/8.18.0/feign-slf4j-8.18.0.jar
7ff353ee3000-7ff353ee8000 r--s 00034000 08:05 7716918                    /home/xbrochard/.m2/repository/com/google/code/gson/gson/2.7/gson-2.7.jar
7ff353ee8000-7ff353ee9000 r--s 00001000 08:05 17245                      /home/xbrochard/.m2/repository/com/netflix/feign/feign-gson/8.18.0/feign-gson-8.18.0.jar
7ff353ee9000-7ff353eea000 r--s 00002000 08:05 17249                      /home/xbrochard/.m2/repository/com/netflix/feign/feign-hystrix/8.18.0/feign-hystrix-8.18.0.jar
7ff353eea000-7ff353eed000 r--s 00015000 08:05 7793100                    /home/xbrochard/.m2/repository/io/github/openfeign/feign-core/9.3.0/feign-core-9.3.0.jar
7ff353eed000-7ff353efe000 r--s 00098000 08:05 7866803                    /home/xbrochard/.m2/repository/org/springframework/data/spring-data-commons/1.12.2.RELEASE/spring-data-commons-1.12.2.RELEASE.jar
7ff353efe000-7ff353f00000 r--s 0000f000 08:05 7390429                    /home/xbrochard/.m2/repository/org/jboss/logging/jboss-logging/3.3.0.Final/jboss-logging-3.3.0.Final.jar
7ff353f00000-7ff353f04000 r--s 0000c000 08:05 7390428                    /home/xbrochard/.m2/repository/javax/validation/validation-api/1.1.0.Final/validation-api-1.1.0.Final.jar
7ff353f04000-7ff353f14000 r--s 0009c000 08:05 7390427                    /home/xbrochard/.m2/repository/org/hibernate/hibernate-validator/5.2.4.Final/hibernate-validator-5.2.4.Final.jar
7ff353f14000-7ff353f15000 r--s 00000000 08:05 17244                      /home/xbrochard/.m2/repository/org/jvnet/animal-sniffer-annotation/1.0/animal-sniffer-annotation-1.0.jar
7ff353f15000-7ff353f18000 r--s 00014000 08:05 17247                      /home/xbrochard/.m2/repository/com/netflix/feign/feign-core/8.18.0/feign-core-8.18.0.jar
7ff353f18000-7ff353f1a000 r--s 00006000 08:05 7718637                    /home/xbrochard/.m2/repository/org/springframework/cloud/spring-cloud-config-client/1.1.3.RELEASE/spring-cloud-config-client-1.1.3.RELEASE.jar
7ff353f1a000-7ff353f1b000 r--s 00000000 08:05 7718631                    /home/xbrochard/.m2/repository/org/springframework/cloud/spring-cloud-starter-config/1.1.3.RELEASE/spring-cloud-starter-config-1.1.3.RELEASE.jar
7ff353f1b000-7ff353f1d000 r--s 00005000 08:05 7398377                    /home/xbrochard/.m2/repository/xpp3/xpp3_min/1.1.4c/xpp3_min-1.1.4c.jar
7ff353f1d000-7ff353f1e000 r--s 00001000 08:05 7398376                    /home/xbrochard/.m2/repository/xmlpull/xmlpull/1.1.3.1/xmlpull-1.1.3.1.jar
7ff353f1e000-7ff353f2a000 r--s 0006a000 08:05 7718601                    /home/xbrochard/.m2/repository/com/thoughtworks/xstream/xstream/1.4.2/xstream-1.4.2.jar
7ff353f2a000-7ff353f2b000 r--s 00003000 08:05 7718600                    /home/xbrochard/.m2/repository/com/netflix/ribbon/ribbon-eureka/2.2.0/ribbon-eureka-2.2.0.jar
7ff353f2b000-7ff353f41000 r--s 000eb000 08:05 7783054                    /home/xbrochard/.m2/repository/io/reactivex/rxjava/1.1.5/rxjava-1.1.5.jar
7ff353f41000-7ff353f43000 r--s 00002000 08:05 7718598                    /home/xbrochard/.m2/repository/com/netflix/netflix-commons/netflix-statistics/0.1.1/netflix-statistics-0.1.1.jar
7ff353f43000-7ff353f47000 r--s 00024000 08:05 7718596                    /home/xbrochard/.m2/repository/com/netflix/ribbon/ribbon-loadbalancer/2.2.0/ribbon-loadbalancer-2.2.0.jar
7ff353f47000-7ff353f48000 r--s 00001000 08:05 7718593                    /home/xbrochard/.m2/repository/com/netflix/netflix-commons/netflix-commons-util/0.1.1/netflix-commons-util-0.1.1.jar
7ff353f48000-7ff353f55000 r--s 00083000 08:05 7774290                    /home/xbrochard/.m2/repository/commons-collections/commons-collections/3.2.2/commons-collections-3.2.2.jar
7ff353f55000-7ff353f57000 r--s 0000c000 08:05 7718592                    /home/xbrochard/.m2/repository/com/netflix/ribbon/ribbon-httpclient/2.2.0/ribbon-httpclient-2.2.0.jar
7ff353f57000-7ff353f5b000 r--s 00011000 08:05 7718590                    /home/xbrochard/.m2/repository/com/netflix/ribbon/ribbon-core/2.2.0/ribbon-core-2.2.0.jar
7ff353f5b000-7ff353f62000 r--s 00047000 08:05 7783076                    /home/xbrochard/.m2/repository/io/netty/netty-transport/4.0.27.Final/netty-transport-4.0.27.Final.jar
7ff353f62000-7ff353f64000 r--s 00027000 08:05 7783074                    /home/xbrochard/.m2/repository/io/netty/netty-buffer/4.0.27.Final/netty-buffer-4.0.27.Final.jar
7ff353f64000-7ff353f6b000 r--s 00060000 08:05 7783072                    /home/xbrochard/.m2/repository/io/netty/netty-common/4.0.27.Final/netty-common-4.0.27.Final.jar
7ff353f6b000-7ff353f6d000 r--s 00016000 08:05 7783067                    /home/xbrochard/.m2/repository/io/netty/netty-transport-native-epoll/4.0.27.Final/netty-transport-native-epoll-4.0.27.Final.jar
7ff353f6d000-7ff353f72000 r--s 00036000 08:05 7783066                    /home/xbrochard/.m2/repository/io/netty/netty-handler/4.0.27.Final/netty-handler-4.0.27.Final.jar
7ff353f72000-7ff353f76000 r--s 00020000 08:05 7783061                    /home/xbrochard/.m2/repository/io/netty/netty-codec/4.0.27.Final/netty-codec-4.0.27.Final.jar
7ff353f76000-7ff353f7e000 r--s 00061000 08:05 7783058                    /home/xbrochard/.m2/repository/io/netty/netty-codec-http/4.0.27.Final/netty-codec-http-4.0.27.Final.jar
7ff353f7e000-7ff353f88000 r--s 00059000 08:05 7783042                    /home/xbrochard/.m2/repository/io/reactivex/rxnetty/0.4.9/rxnetty-0.4.9.jar
7ff353f88000-7ff353f90000 r--s 0003e000 08:05 7718740                    /home/xbrochard/.m2/repository/com/netflix/hystrix/hystrix-core/1.4.3/hystrix-core-1.4.3.jar
7ff353f90000-7ff353f92000 r--s 00006000 08:05 7783048                    /home/xbrochard/.m2/repository/io/reactivex/rxnetty-servo/0.4.9/rxnetty-servo-0.4.9.jar
7ff353f92000-7ff353f95000 r--s 0000b000 08:05 7783045                    /home/xbrochard/.m2/repository/io/reactivex/rxnetty-contexts/0.4.9/rxnetty-contexts-0.4.9.jar
7ff353f95000-7ff353f96000 r--s 00009000 08:05 7718584                    /home/xbrochard/.m2/repository/com/netflix/ribbon/ribbon-transport/2.2.0/ribbon-transport-2.2.0.jar
7ff353f96000-7ff353f99000 r--s 00013000 08:05 7718583                    /home/xbrochard/.m2/repository/com/netflix/ribbon/ribbon/2.2.0/ribbon-2.2.0.jar
7ff353f99000-7ff353f9a000 r--s 00000000 08:05 7718629                    /home/xbrochard/.m2/repository/org/springframework/cloud/spring-cloud-starter-ribbon/1.1.5.RELEASE/spring-cloud-starter-ribbon-1.1.5.RELEASE.jar
7ff353f9a000-7ff353f9c000 r--s 0000d000 08:05 7718578                    /home/xbrochard/.m2/repository/commons-logging/commons-logging/1.1.1/commons-logging-1.1.1.jar
7ff353f9c000-7ff353fa1000 r--s 00041000 08:05 7782675                    /home/xbrochard/.m2/repository/commons-lang/commons-lang/2.6/commons-lang-2.6.jar
7ff353fa1000-7ff353fa8000 r--s 00050000 08:05 7783040                    /home/xbrochard/.m2/repository/commons-configuration/commons-configuration/1.8/commons-configuration-1.8.jar
7ff353fa8000-7ff353fac000 r--s 00024000 08:05 7776132                    /home/xbrochard/.m2/repository/org/codehaus/woodstox/stax2-api/3.1.4/stax2-api-3.1.4.jar
7ff353fac000-7ff353fae000 r--s 00004000 08:05 7776130                    /home/xbrochard/.m2/repository/javax/xml/stream/stax-api/1.0-2/stax-api-1.0-2.jar
7ff353fae000-7ff353fb4000 r--s 00071000 08:05 7775847                    /home/xbrochard/.m2/repository/org/codehaus/woodstox/woodstox-core-asl/4.4.1/woodstox-core-asl-4.4.1.jar
7ff353fb4000-7ff353fb8000 r--s 00017000 08:05 7718560                    /home/xbrochard/.m2/repository/com/netflix/governator/governator-core/1.12.10/governator-core-1.12.10.jar
7ff353fb8000-7ff353fbe000 r--s 00031000 08:05 7718565                    /home/xbrochard/.m2/repository/com/netflix/governator/governator/1.12.10/governator-1.12.10.jar
7ff353fbe000-7ff353fc8000 r--s 00064000 08:05 7718564                    /home/xbrochard/.m2/repository/com/amazonaws/aws-java-sdk-route53/1.9.3/aws-java-sdk-route53-1.9.3.jar
7ff353fc8000-7ff353fcb000 r--s 00013000 08:05 7718561                    /home/xbrochard/.m2/repository/com/amazonaws/aws-java-sdk-sts/1.9.3/aws-java-sdk-sts-1.9.3.jar
7ff353fcb000-7ff353fd5000 r--s 0005e000 08:05 7718534                    /home/xbrochard/.m2/repository/com/amazonaws/aws-java-sdk-autoscaling/1.9.3/aws-java-sdk-autoscaling-1.9.3.jar
7ff353fd5000-7ff353ff6000 r--s 0017e000 08:05 7718557                    /home/xbrochard/.m2/repository/com/amazonaws/aws-java-sdk-ec2/1.9.3/aws-java-sdk-ec2-1.9.3.jar
7ff353ff6000-7ff354000000 r--s 00067000 08:05 7718556                    /home/xbrochard/.m2/repository/com/amazonaws/aws-java-sdk-core/1.9.3/aws-java-sdk-core-1.9.3.jar
7ff354000000-7ff354021000 rw-p 00000000 00:00 0 
7ff354021000-7ff358000000 ---p 00000000 00:00 0 
7ff358000000-7ff358001000 r--s 00000000 08:05 7718627                    /home/xbrochard/.m2/repository/org/springframework/cloud/spring-cloud-starter-archaius/1.1.5.RELEASE/spring-cloud-starter-archaius-1.1.5.RELEASE.jar
7ff358001000-7ff358005000 r--s 00038000 08:05 7718615                    /home/xbrochard/.m2/repository/com/netflix/eureka/eureka-core/1.4.10/eureka-core-1.4.10.jar
7ff358005000-7ff358007000 r--s 00004000 08:05 7718551                    /home/xbrochard/.m2/repository/com/netflix/governator/governator-api/1.12.10/governator-api-1.12.10.jar
7ff358007000-7ff358008000 r--s 00000000 08:05 7398960                    /home/xbrochard/.m2/repository/javax/inject/javax.inject/1/javax.inject-1.jar
7ff358008000-7ff358016000 r--s 00096000 08:05 7718536                    /home/xbrochard/.m2/repository/com/google/inject/guice/4.0/guice-4.0.jar
7ff358016000-7ff35801d000 r--s 0003f000 08:05 7782717                    /home/xbrochard/.m2/repository/commons-codec/commons-codec/1.10/commons-codec-1.10.jar
7ff35801d000-7ff358024000 r--s 00049000 08:05 17191                      /home/xbrochard/.m2/repository/org/apache/httpcomponents/httpcore/4.4.5/httpcore-4.4.5.jar
7ff358024000-7ff358031000 r--s 000a7000 08:05 7774289                    /home/xbrochard/.m2/repository/org/apache/httpcomponents/httpclient/4.5.2/httpclient-4.5.2.jar
7ff358031000-7ff358033000 r--s 00003000 08:05 7718738                    /home/xbrochard/.m2/repository/com/sun/jersey/contribs/jersey-apache-client4/1.19/jersey-apache-client4-1.19.jar
7ff358033000-7ff358036000 r--s 0001e000 08:05 7718736                    /home/xbrochard/.m2/repository/com/sun/jersey/jersey-client/1.19/jersey-client-1.19.jar
7ff358036000-7ff358040000 r--s 00061000 08:05 7718734                    /home/xbrochard/.m2/repository/com/sun/jersey/jersey-core/1.19/jersey-core-1.19.jar
7ff358040000-7ff358044000 r--s 00027000 08:05 7718541                    /home/xbrochard/.m2/repository/com/netflix/servo/servo-internal/0.10.1/servo-internal-0.10.1.jar
7ff358044000-7ff358049000 r--s 00032000 08:05 7718539                    /home/xbrochard/.m2/repository/com/netflix/servo/servo-core/0.10.1/servo-core-0.10.1.jar
7ff358049000-7ff35804b000 r--s 0000a000 08:05 7718537                    /home/xbrochard/.m2/repository/javax/ws/rs/jsr311-api/1.1.1/jsr311-api-1.1.1.jar
7ff35804b000-7ff35804f000 r--s 0001e000 08:05 7718732                    /home/xbrochard/.m2/repository/com/netflix/archaius/archaius-core/0.7.3/archaius-core-0.7.3.jar
7ff35804f000-7ff358051000 r--s 0000f000 08:05 7718526                    /home/xbrochard/.m2/repository/com/netflix/netflix-commons/netflix-eventbus/0.3.0/netflix-eventbus-0.3.0.jar
7ff358051000-7ff358053000 r--s 00005000 08:05 7718523                    /home/xbrochard/.m2/repository/stax/stax-api/1.0.1/stax-api-1.0.1.jar
7ff358053000-7ff358056000 r--s 00012000 08:05 7718521                    /home/xbrochard/.m2/repository/org/codehaus/jettison/jettison/1.3.7/jettison-1.3.7.jar
7ff358056000-7ff35805f000 r--s 00056000 08:05 7718613                    /home/xbrochard/.m2/repository/com/netflix/eureka/eureka-client/1.4.10/eureka-client-1.4.10.jar
7ff35805f000-7ff358062000 r--s 0000e000 08:05 7718611                    /home/xbrochard/.m2/repository/org/springframework/cloud/spring-cloud-netflix-eureka-client/1.1.5.RELEASE/spring-cloud-netflix-eureka-client-1.1.5.RELEASE.jar
7ff358062000-7ff35806a000 r--s 0003e000 08:05 7718609                    /home/xbrochard/.m2/repository/org/springframework/cloud/spring-cloud-netflix-core/1.1.5.RELEASE/spring-cloud-netflix-core-1.1.5.RELEASE.jar
7ff35806a000-7ff358097000 r--s 001bb000 08:05 7718514                    /home/xbrochard/.m2/repository/org/bouncycastle/bcprov-jdk15on/1.47/bcprov-jdk15on-1.47.jar
7ff358097000-7ff3580a3000 r--s 00072000 08:05 7718513                    /home/xbrochard/.m2/repository/org/bouncycastle/bcpkix-jdk15on/1.47/bcpkix-jdk15on-1.47.jar
7ff3580a3000-7ff3580a5000 r--s 00005000 08:05 7718509                    /home/xbrochard/.m2/repository/org/springframework/security/spring-security-rsa/1.0.1.RELEASE/spring-security-rsa-1.0.1.RELEASE.jar
7ff3580a5000-7ff3580a8000 r--s 0000e000 08:05 7718508                    /home/xbrochard/.m2/repository/org/springframework/cloud/spring-cloud-commons/1.1.1.RELEASE/spring-cloud-commons-1.1.1.RELEASE.jar
7ff3580a8000-7ff3580aa000 r--s 0000c000 08:05 7716917                    /home/xbrochard/.m2/repository/org/springframework/security/spring-security-crypto/4.1.1.RELEASE/spring-security-crypto-4.1.1.RELEASE.jar
7ff3580aa000-7ff3580ae000 r--s 00014000 08:05 7718501                    /home/xbrochard/.m2/repository/org/springframework/cloud/spring-cloud-context/1.1.1.RELEASE/spring-cloud-context-1.1.1.RELEASE.jar
7ff3580ae000-7ff3580af000 r--s 00000000 08:05 7718503                    /home/xbrochard/.m2/repository/org/springframework/cloud/spring-cloud-starter/1.1.1.RELEASE/spring-cloud-starter-1.1.1.RELEASE.jar
7ff3580af000-7ff3580b0000 r--s 00000000 08:05 7718595                    /home/xbrochard/.m2/repository/org/springframework/cloud/spring-cloud-starter-eureka/1.1.5.RELEASE/spring-cloud-starter-eureka-1.1.5.RELEASE.jar
7ff3580b0000-7ff3580b3000 r--s 0004a000 08:05 181025                     /home/xbrochard/.m2/repository/io/springfox/springfox-swagger-ui/2.5.0/springfox-swagger-ui-2.5.0.jar
7ff3580b3000-7ff3580b4000 r--s 00003000 08:05 181023                     /home/xbrochard/.m2/repository/org/mapstruct/mapstruct/1.0.0.Final/mapstruct-1.0.0.Final.jar
7ff3580b4000-7ff3580b6000 r--s 00000000 08:05 181021                     /home/xbrochard/.m2/repository/org/springframework/plugin/spring-plugin-metadata/1.2.0.RELEASE/spring-plugin-metadata-1.2.0.RELEASE.jar
7ff3580b6000-7ff3580b7000 r--s 00004000 08:05 181019                     /home/xbrochard/.m2/repository/org/springframework/plugin/spring-plugin-core/1.2.0.RELEASE/spring-plugin-core-1.2.0.RELEASE.jar
7ff3580b7000-7ff3580b9000 r--s 0000e000 08:05 181017                     /home/xbrochard/.m2/repository/com/fasterxml/classmate/1.3.1/classmate-1.3.1.jar
7ff3580b9000-7ff3580e4000 r--s 001fc000 08:05 7398992                    /home/xbrochard/.m2/repository/com/google/guava/guava/18.0/guava-18.0.jar
7ff3580e4000-7ff3580e8000 r--s 00020000 08:05 181015                     /home/xbrochard/.m2/repository/io/springfox/springfox-spring-web/2.5.0/springfox-spring-web-2.5.0.jar
7ff3580e8000-7ff3580eb000 r--s 00012000 08:05 181013                     /home/xbrochard/.m2/repository/io/springfox/springfox-swagger-common/2.5.0/springfox-swagger-common-2.5.0.jar
7ff3580eb000-7ff3580ed000 r--s 00010000 08:05 181011                     /home/xbrochard/.m2/repository/io/springfox/springfox-schema/2.5.0/springfox-schema-2.5.0.jar
7ff3580ed000-7ff3580f1000 r--s 00013000 08:05 181009                     /home/xbrochard/.m2/repository/io/springfox/springfox-core/2.5.0/springfox-core-2.5.0.jar
7ff3580f1000-7ff3580f3000 r--s 0000a000 08:05 181007                     /home/xbrochard/.m2/repository/io/springfox/springfox-spi/2.5.0/springfox-spi-2.5.0.jar
7ff3580f3000-7ff3580f6000 r--s 0001f000 08:05 181005                     /home/xbrochard/.m2/repository/io/swagger/swagger-models/1.5.9/swagger-models-1.5.9.jar
7ff3580f6000-7ff3580f7000 r--s 00003000 08:05 181003                     /home/xbrochard/.m2/repository/io/swagger/swagger-annotations/1.5.9/swagger-annotations-1.5.9.jar
7ff3580f7000-7ff3580fa000 r--s 0000c000 08:05 181001                     /home/xbrochard/.m2/repository/io/springfox/springfox-swagger2/2.5.0/springfox-swagger2-2.5.0.jar
7ff3580fa000-7ff358104000 r--s 00054000 08:05 7628651                    /home/xbrochard/.m2/repository/org/springframework/spring-messaging/4.3.2.RELEASE/spring-messaging-4.3.2.RELEASE.jar
7ff358104000-7ff35810d000 r--s 00065000 08:05 7628650                    /home/xbrochard/.m2/repository/org/springframework/spring-websocket/4.3.2.RELEASE/spring-websocket-4.3.2.RELEASE.jar
7ff35810d000-7ff358126000 r--s 000fc000 08:05 7628315                    /home/xbrochard/.m2/repository/org/springframework/spring-context/4.3.2.RELEASE/spring-context-4.3.2.RELEASE.jar
7ff358126000-7ff358133000 r--s 000ac000 08:05 7628381                    /home/xbrochard/.m2/repository/org/springframework/spring-beans/4.3.2.RELEASE/spring-beans-4.3.2.RELEASE.jar
7ff358133000-7ff358138000 r--s 0002a000 08:05 7628386                    /home/xbrochard/.m2/repository/org/springframework/hateoas/spring-hateoas/0.20.0.RELEASE/spring-hateoas-0.20.0.RELEASE.jar
7ff358138000-7ff35813a000 r--s 00007000 08:05 7390496                    /home/xbrochard/.m2/repository/javax/websocket/javax.websocket-api/1.0/javax.websocket-api-1.0.jar
7ff35813a000-7ff35813f000 r--s 00022000 08:05 7628649                    /home/xbrochard/.m2/repository/org/eclipse/jetty/websocket/javax-websocket-client-impl/9.3.11.v20160721/javax-websocket-client-impl-9.3.11.v20160721.jar
7ff35813f000-7ff358141000 r--s 00006000 08:05 7390489                    /home/xbrochard/.m2/repository/org/ow2/asm/asm-tree/5.0.1/asm-tree-5.0.1.jar
7ff358141000-7ff358143000 r--s 00009000 08:05 7390488                    /home/xbrochard/.m2/repository/org/ow2/asm/asm-commons/5.0.1/asm-commons-5.0.1.jar
7ff358143000-7ff358144000 r--s 0000c000 08:05 7390487                    /home/xbrochard/.m2/repository/org/ow2/asm/asm/5.0.1/asm-5.0.1.jar
7ff358144000-7ff358146000 r--s 00005000 08:05 7390469                    /home/xbrochard/.m2/repository/javax/annotation/javax.annotation-api/1.2/javax.annotation-api-1.2.jar
7ff358146000-7ff358148000 r--s 0000c000 08:05 7628644                    /home/xbrochard/.m2/repository/org/eclipse/jetty/jetty-plus/9.3.11.v20160721/jetty-plus-9.3.11.v20160721.jar
7ff358148000-7ff35814a000 r--s 00012000 08:05 7628642                    /home/xbrochard/.m2/repository/org/eclipse/jetty/jetty-annotations/9.3.11.v20160721/jetty-annotations-9.3.11.v20160721.jar
7ff35814a000-7ff35814c000 r--s 00007000 08:05 7628640                    /home/xbrochard/.m2/repository/org/eclipse/jetty/websocket/javax-websocket-server-impl/9.3.11.v20160721/javax-websocket-server-impl-9.3.11.v20160721.jar
7ff35814c000-7ff35814f000 r--s 00015000 08:05 7390445                    /home/xbrochard/.m2/repository/javax/servlet/javax.servlet-api/3.1.0/javax.servlet-api-3.1.0.jar
7ff35814f000-7ff358150000 r--s 00004000 08:05 7628637                    /home/xbrochard/.m2/repository/org/eclipse/jetty/websocket/websocket-servlet/9.3.11.v20160721/websocket-servlet-9.3.11.v20160721.jar
7ff358150000-7ff358151000 r--s 00008000 08:05 7628635                    /home/xbrochard/.m2/repository/org/eclipse/jetty/websocket/websocket-client/9.3.11.v20160721/websocket-client-9.3.11.v20160721.jar
7ff358151000-7ff358154000 r--s 00009000 08:05 7628633                    /home/xbrochard/.m2/repository/org/eclipse/jetty/websocket/websocket-api/9.3.11.v20160721/websocket-api-9.3.11.v20160721.jar
7ff358154000-7ff358159000 r--s 0002a000 08:05 7628638                    /home/xbrochard/.m2/repository/org/eclipse/jetty/websocket/websocket-common/9.3.11.v20160721/websocket-common-9.3.11.v20160721.jar
7ff358159000-7ff35815a000 r--s 00006000 08:05 7628630                    /home/xbrochard/.m2/repository/org/eclipse/jetty/websocket/websocket-server/9.3.11.v20160721/websocket-server-9.3.11.v20160721.jar
7ff35815a000-7ff358161000 r--s 00072000 08:05 7628628                    /home/xbrochard/.m2/repository/org/eclipse/jetty/jetty-server/9.3.11.v20160721/jetty-server-9.3.11.v20160721.jar
7ff358161000-7ff358164000 r--s 00015000 08:05 7628625                    /home/xbrochard/.m2/repository/org/eclipse/jetty/jetty-security/9.3.11.v20160721/jetty-security-9.3.11.v20160721.jar
7ff358164000-7ff358166000 r--s 0001b000 08:05 7628624                    /home/xbrochard/.m2/repository/org/eclipse/jetty/jetty-servlet/9.3.11.v20160721/jetty-servlet-9.3.11.v20160721.jar
7ff358166000-7ff358168000 r--s 0000b000 08:05 7628621                    /home/xbrochard/.m2/repository/org/eclipse/jetty/jetty-xml/9.3.11.v20160721/jetty-xml-9.3.11.v20160721.jar
7ff358168000-7ff35816a000 r--s 0001a000 08:05 7628620                    /home/xbrochard/.m2/repository/org/eclipse/jetty/jetty-webapp/9.3.11.v20160721/jetty-webapp-9.3.11.v20160721.jar
7ff35816a000-7ff35816d000 r--s 00019000 08:05 7628619                    /home/xbrochard/.m2/repository/org/eclipse/jetty/jetty-io/9.3.11.v20160721/jetty-io-9.3.11.v20160721.jar
7ff35816d000-7ff358174000 r--s 00063000 08:05 7628616                    /home/xbrochard/.m2/repository/org/eclipse/jetty/jetty-util/9.3.11.v20160721/jetty-util-9.3.11.v20160721.jar
7ff358174000-7ff358177000 r--s 00022000 08:05 7628614                    /home/xbrochard/.m2/repository/org/eclipse/jetty/jetty-http/9.3.11.v20160721/jetty-http-9.3.11.v20160721.jar
7ff358177000-7ff358178000 r--s 00003000 08:05 7628611                    /home/xbrochard/.m2/repository/org/eclipse/jetty/jetty-continuation/9.3.11.v20160721/jetty-continuation-9.3.11.v20160721.jar
7ff358178000-7ff35817b000 r--s 00013000 08:05 7628607                    /home/xbrochard/.m2/repository/org/eclipse/jetty/jetty-servlets/9.3.11.v20160721/jetty-servlets-9.3.11.v20160721.jar
7ff35817b000-7ff35817c000 r--s 00000000 08:05 7628604                    /home/xbrochard/.m2/repository/org/springframework/boot/spring-boot-starter-jetty/1.4.0.RELEASE/spring-boot-starter-jetty-1.4.0.RELEASE.jar
7ff35817c000-7ff35818e000 r--s 000ce000 08:05 7628389                    /home/xbrochard/.m2/repository/org/springframework/spring-webmvc/4.3.2.RELEASE/spring-webmvc-4.3.2.RELEASE.jar
7ff35818e000-7ff3581a0000 r--s 000b5000 08:05 7628387                    /home/xbrochard/.m2/repository/org/springframework/spring-web/4.3.2.RELEASE/spring-web-4.3.2.RELEASE.jar
7ff3581a0000-7ff3581a1000 r--s 00000000 08:05 7628598                    /home/xbrochard/.m2/repository/org/springframework/boot/spring-boot-starter-web/1.4.0.RELEASE/spring-boot-starter-web-1.4.0.RELEASE.jar
7ff3581a1000-7ff3581a3000 r--s 00009000 08:05 7390498                    /home/xbrochard/.m2/repository/org/slf4j/slf4j-api/1.7.21/slf4j-api-1.7.21.jar
7ff3581a3000-7ff3581ad000 r--s 00069000 08:05 7390381                    /home/xbrochard/.m2/repository/ch/qos/logback/logback-core/1.1.7/logback-core-1.1.7.jar
7ff3581ad000-7ff3581b4000 r--s 00044000 08:05 7390380                    /home/xbrochard/.m2/repository/ch/qos/logback/logback-classic/1.1.7/logback-classic-1.1.7.jar
7ff3581b4000-7ff3581b8000 r--s 00018000 08:05 376841                     /home/xbrochard/.m2/repository/io/jsonwebtoken/jjwt/0.7.0/jjwt-0.7.0.jar
7ff3581b8000-7ff3581c1000 r--s 0007a000 08:05 7628594                    /home/xbrochard/.m2/repository/org/springframework/security/spring-security-config/4.1.1.RELEASE/spring-security-config-4.1.1.RELEASE.jar
7ff3581c1000-7ff3581ca000 r--s 00054000 08:05 7628382                    /home/xbrochard/.m2/repository/org/springframework/spring-aop/4.3.2.RELEASE/spring-aop-4.3.2.RELEASE.jar
7ff3581ca000-7ff3581cb000 r--s 00000000 08:05 7628585                    /home/xbrochard/.m2/repository/org/springframework/boot/spring-boot-starter-security/1.4.0.RELEASE/spring-boot-starter-security-1.4.0.RELEASE.jar
7ff3581cb000-7ff3581d3000 r--s 00096000 08:05 7406505                    /home/xbrochard/.m2/repository/hsqldb/hsqldb/1.8.0.7/hsqldb-1.8.0.7.jar
7ff3581d3000-7ff3581d5000 r--s 00008000 08:05 7406503                    /home/xbrochard/.m2/repository/javax/el/javax.el-api/2.2.4/javax.el-api-2.2.4.jar
7ff3581d5000-7ff3581dc000 r--s 000a1000 08:05 7801228                    /home/xbrochard/.m2/repository/org/postgresql/postgresql/9.4.1209.jre7/postgresql-9.4.1209.jre7.jar
7ff3581dc000-7ff3581df000 r--s 0000c000 08:05 7801226                    /home/xbrochard/.m2/repository/org/springframework/spring-aspects/4.3.2.RELEASE/spring-aspects-4.3.2.RELEASE.jar
7ff3581df000-7ff3581e1000 r--s 00003000 08:05 7390383                    /home/xbrochard/.m2/repository/org/slf4j/jcl-over-slf4j/1.7.21/jcl-over-slf4j-1.7.21.jar
7ff3581e1000-7ff3581e9000 r--s 0003a000 08:05 7866809                    /home/xbrochard/.m2/repository/org/springframework/spring-tx/4.3.2.RELEASE/spring-tx-4.3.2.RELEASE.jar
7ff3581e9000-7ff3581f3000 r--s 0006b000 08:05 7866808                    /home/xbrochard/.m2/repository/org/springframework/spring-orm/4.3.2.RELEASE/spring-orm-4.3.2.RELEASE.jar
7ff3581f3000-7ff3581fa000 r--s 0003d000 08:05 7866804                    /home/xbrochard/.m2/repository/org/springframework/data/spring-data-jpa/1.10.2.RELEASE/spring-data-jpa-1.10.2.RELEASE.jar
7ff3581fa000-7ff3581fc000 r--s 00006000 08:05 7776100                    /home/xbrochard/.m2/repository/javax/transaction/javax.transaction-api/1.2/javax.transaction-api-1.2.jar
7ff3581fc000-7ff358209000 r--s 00088000 08:05 7750296                    /home/xbrochard/.m2/repository/org/hibernate/hibernate-entitymanager/5.0.9.Final/hibernate-entitymanager-5.0.9.Final.jar
7ff358209000-7ff35820c000 r--s 00010000 08:05 7801224                    /home/xbrochard/.m2/repository/org/hibernate/common/hibernate-commons-annotations/5.0.1.Final/hibernate-commons-annotations-5.0.1.Final.jar
7ff35820c000-7ff358215000 r--s 0002d000 08:05 7801222                    /home/xbrochard/.m2/repository/xml-apis/xml-apis/1.4.01/xml-apis-1.4.01.jar
7ff358215000-7ff35827f000 r--s 004ed000 08:05 7801216                    /home/xbrochard/.m2/repository/org/hibernate/hibernate-core/5.0.9.Final/hibernate-core-5.0.9.Final.jar
7ff35827f000-7ff358298000 r--s 001af000 08:05 17302                      /home/xbrochard/.m2/repository/org/aspectj/aspectjweaver/1.8.9/aspectjweaver-1.8.9.jar
7ff358298000-7ff358299000 ---p 00000000 00:00 0 
7ff358299000-7ff358399000 rw-p 00000000 00:00 0                          [stack:21543]
7ff358399000-7ff35839c000 ---p 00000000 00:00 0 
7ff35839c000-7ff35849a000 rw-p 00000000 00:00 0                          [stack:21542]
7ff35849a000-7ff35849d000 ---p 00000000 00:00 0 
7ff35849d000-7ff35859b000 rw-p 00000000 00:00 0                          [stack:21541]
7ff35859b000-7ff35859e000 ---p 00000000 00:00 0 
7ff35859e000-7ff35869c000 rw-p 00000000 00:00 0                          [stack:21540]
7ff35869c000-7ff35869f000 ---p 00000000 00:00 0 
7ff35869f000-7ff35879d000 rw-p 00000000 00:00 0                          [stack:21539]
7ff35879d000-7ff3587a0000 ---p 00000000 00:00 0 
7ff3587a0000-7ff35889e000 rw-p 00000000 00:00 0                          [stack:21535]
7ff35889e000-7ff3588a1000 ---p 00000000 00:00 0 
7ff3588a1000-7ff35899f000 rw-p 00000000 00:00 0                          [stack:21534]
7ff35899f000-7ff3589a2000 ---p 00000000 00:00 0 
7ff3589a2000-7ff358aa0000 rw-p 00000000 00:00 0                          [stack:21531]
7ff358aa0000-7ff358aa4000 r-xp 00000000 08:06 279980                     /opt/jdk1.8.0_91/jre/lib/amd64/libdt_socket.so
7ff358aa4000-7ff358ca3000 ---p 00004000 08:06 279980                     /opt/jdk1.8.0_91/jre/lib/amd64/libdt_socket.so
7ff358ca3000-7ff358ca4000 rw-p 00003000 08:06 279980                     /opt/jdk1.8.0_91/jre/lib/amd64/libdt_socket.so
7ff358ca4000-7ff358ca7000 ---p 00000000 00:00 0 
7ff358ca7000-7ff358da5000 rw-p 00000000 00:00 0                          [stack:21529]
7ff358da5000-7ff358da8000 ---p 00000000 00:00 0 
7ff358da8000-7ff358ea6000 rw-p 00000000 00:00 0                          [stack:21528]
7ff358ea6000-7ff358ea9000 ---p 00000000 00:00 0 
7ff358ea9000-7ff358fa7000 rw-p 00000000 00:00 0                          [stack:21527]
7ff358fa7000-7ff358fa8000 ---p 00000000 00:00 0 
7ff358fa8000-7ff35a08a000 rw-p 00000000 00:00 0                          [stack:21526]
7ff35a08a000-7ff35a263000 r--s 03d1f000 08:06 279808                     /opt/jdk1.8.0_91/jre/lib/rt.jar
7ff35a263000-7ff35aad9000 rw-p 00000000 00:00 0 
7ff35aad9000-7ff35be69000 rwxp 00000000 00:00 0 
7ff35be69000-7ff369ad9000 ---p 00000000 00:00 0 
7ff369ad9000-7ff370000000 r--p 00000000 08:06 809018                     /usr/lib/locale/locale-archive
7ff370000000-7ff372f58000 rw-p 00000000 00:00 0 
7ff372f58000-7ff374000000 ---p 00000000 00:00 0 
7ff374000000-7ff374005000 r--s 00048000 08:05 7776184                    /home/xbrochard/.m2/repository/dom4j/dom4j/1.6.1/dom4j-1.6.1.jar
7ff374005000-7ff37400a000 r--s 00068000 08:05 7776092                    /home/xbrochard/.m2/repository/antlr/antlr/2.7.7/antlr-2.7.7.jar
7ff37400a000-7ff374014000 r--s 000ae000 08:05 7801218                    /home/xbrochard/.m2/repository/org/javassist/javassist/3.20.0-GA/javassist-3.20.0-GA.jar
7ff374014000-7ff3743f0000 rw-p 00000000 00:00 0 
7ff3743f0000-7ff3743f1000 ---p 00000000 00:00 0 
7ff3743f1000-7ff3744f1000 rw-p 00000000 00:00 0                          [stack:21525]
7ff3744f1000-7ff3744f2000 ---p 00000000 00:00 0 
7ff3744f2000-7ff3745f2000 rw-p 00000000 00:00 0                          [stack:21524]
7ff3745f2000-7ff3745f3000 ---p 00000000 00:00 0 
7ff3745f3000-7ff3746f3000 rw-p 00000000 00:00 0                          [stack:21523]
7ff3746f3000-7ff3746f4000 ---p 00000000 00:00 0 
7ff3746f4000-7ff37481e000 rw-p 00000000 00:00 0                          [stack:21522]
7ff37481e000-7ff374a87000 ---p 00000000 00:00 0 
7ff374a87000-7ff374ab1000 rw-p 00000000 00:00 0 
7ff374ab1000-7ff374d19000 ---p 00000000 00:00 0 
7ff374d19000-7ff374e31000 rw-p 00000000 00:00 0 
7ff374e31000-7ff374e63000 ---p 00000000 00:00 0 
7ff374e63000-7ff374eb3000 rw-p 00000000 00:00 0 
7ff374eb3000-7ff375224000 ---p 00000000 00:00 0 
7ff375224000-7ff37523e000 r-xp 00000000 08:06 280010                     /opt/jdk1.8.0_91/jre/lib/amd64/libzip.so
7ff37523e000-7ff37543e000 ---p 0001a000 08:06 280010                     /opt/jdk1.8.0_91/jre/lib/amd64/libzip.so
7ff37543e000-7ff37543f000 rw-p 0001a000 08:06 280010                     /opt/jdk1.8.0_91/jre/lib/amd64/libzip.so
7ff37543f000-7ff37544b000 r-xp 00000000 08:06 785601                     /usr/lib64/libnss_files-2.17.so
7ff37544b000-7ff37564a000 ---p 0000c000 08:06 785601                     /usr/lib64/libnss_files-2.17.so
7ff37564a000-7ff37564b000 r--p 0000b000 08:06 785601                     /usr/lib64/libnss_files-2.17.so
7ff37564b000-7ff37564c000 rw-p 0000c000 08:06 785601                     /usr/lib64/libnss_files-2.17.so
7ff37564c000-7ff375652000 rw-p 00000000 00:00 0 
7ff375652000-7ff375654000 r-xp 00000000 08:06 279981                     /opt/jdk1.8.0_91/jre/lib/amd64/libnpt.so
7ff375654000-7ff375854000 ---p 00002000 08:06 279981                     /opt/jdk1.8.0_91/jre/lib/amd64/libnpt.so
7ff375854000-7ff375855000 rw-p 00002000 08:06 279981                     /opt/jdk1.8.0_91/jre/lib/amd64/libnpt.so
7ff375855000-7ff37588e000 r-xp 00000000 08:06 279999                     /opt/jdk1.8.0_91/jre/lib/amd64/libjdwp.so
7ff37588e000-7ff375a8d000 ---p 00039000 08:06 279999                     /opt/jdk1.8.0_91/jre/lib/amd64/libjdwp.so
7ff375a8d000-7ff375a8f000 rw-p 00038000 08:06 279999                     /opt/jdk1.8.0_91/jre/lib/amd64/libjdwp.so
7ff375a8f000-7ff375ab9000 r-xp 00000000 08:06 280005                     /opt/jdk1.8.0_91/jre/lib/amd64/libjava.so
7ff375ab9000-7ff375cb9000 ---p 0002a000 08:06 280005                     /opt/jdk1.8.0_91/jre/lib/amd64/libjava.so
7ff375cb9000-7ff375cbb000 rw-p 0002a000 08:06 280005                     /opt/jdk1.8.0_91/jre/lib/amd64/libjava.so
7ff375cbb000-7ff375cc8000 r-xp 00000000 08:06 280009                     /opt/jdk1.8.0_91/jre/lib/amd64/libverify.so
7ff375cc8000-7ff375ec8000 ---p 0000d000 08:06 280009                     /opt/jdk1.8.0_91/jre/lib/amd64/libverify.so
7ff375ec8000-7ff375eca000 rw-p 0000d000 08:06 280009                     /opt/jdk1.8.0_91/jre/lib/amd64/libverify.so
7ff375eca000-7ff375ed1000 r-xp 00000000 08:06 785613                     /usr/lib64/librt-2.17.so
7ff375ed1000-7ff3760d0000 ---p 00007000 08:06 785613                     /usr/lib64/librt-2.17.so
7ff3760d0000-7ff3760d1000 r--p 00006000 08:06 785613                     /usr/lib64/librt-2.17.so
7ff3760d1000-7ff3760d2000 rw-p 00007000 08:06 785613                     /usr/lib64/librt-2.17.so
7ff3760d2000-7ff3761d3000 r-xp 00000000 08:06 785591                     /usr/lib64/libm-2.17.so
7ff3761d3000-7ff3763d2000 ---p 00101000 08:06 785591                     /usr/lib64/libm-2.17.so
7ff3763d2000-7ff3763d3000 r--p 00100000 08:06 785591                     /usr/lib64/libm-2.17.so
7ff3763d3000-7ff3763d4000 rw-p 00101000 08:06 785591                     /usr/lib64/libm-2.17.so
7ff3763d4000-7ff377094000 r-xp 00000000 08:06 279988                     /opt/jdk1.8.0_91/jre/lib/amd64/server/libjvm.so
7ff377094000-7ff377294000 ---p 00cc0000 08:06 279988                     /opt/jdk1.8.0_91/jre/lib/amd64/server/libjvm.so
7ff377294000-7ff37736c000 rw-p 00cc0000 08:06 279988                     /opt/jdk1.8.0_91/jre/lib/amd64/server/libjvm.so
7ff37736c000-7ff3773b7000 rw-p 00000000 00:00 0 
7ff3773b7000-7ff37756e000 r-xp 00000000 08:06 785580                     /usr/lib64/libc-2.17.so
7ff37756e000-7ff37776e000 ---p 001b7000 08:06 785580                     /usr/lib64/libc-2.17.so
7ff37776e000-7ff377772000 r--p 001b7000 08:06 785580                     /usr/lib64/libc-2.17.so
7ff377772000-7ff377774000 rw-p 001bb000 08:06 785580                     /usr/lib64/libc-2.17.so
7ff377774000-7ff377779000 rw-p 00000000 00:00 0 
7ff377779000-7ff37777c000 r-xp 00000000 08:06 785587                     /usr/lib64/libdl-2.17.so
7ff37777c000-7ff37797b000 ---p 00003000 08:06 785587                     /usr/lib64/libdl-2.17.so
7ff37797b000-7ff37797c000 r--p 00002000 08:06 785587                     /usr/lib64/libdl-2.17.so
7ff37797c000-7ff37797d000 rw-p 00003000 08:06 785587                     /usr/lib64/libdl-2.17.so
7ff37797d000-7ff377992000 r-xp 00000000 08:06 159091                     /opt/jdk1.8.0_91/lib/amd64/jli/libjli.so
7ff377992000-7ff377b92000 ---p 00015000 08:06 159091                     /opt/jdk1.8.0_91/lib/amd64/jli/libjli.so
7ff377b92000-7ff377b93000 rw-p 00015000 08:06 159091                     /opt/jdk1.8.0_91/lib/amd64/jli/libjli.so
7ff377b93000-7ff377ba9000 r-xp 00000000 08:06 785609                     /usr/lib64/libpthread-2.17.so
7ff377ba9000-7ff377da9000 ---p 00016000 08:06 785609                     /usr/lib64/libpthread-2.17.so
7ff377da9000-7ff377daa000 r--p 00016000 08:06 785609                     /usr/lib64/libpthread-2.17.so
7ff377daa000-7ff377dab000 rw-p 00017000 08:06 785609                     /usr/lib64/libpthread-2.17.so
7ff377dab000-7ff377daf000 rw-p 00000000 00:00 0 
7ff377daf000-7ff377dd0000 r-xp 00000000 08:06 783072                     /usr/lib64/ld-2.17.so
7ff377dd0000-7ff377dd3000 r--s 0002b000 08:05 7801220                    /home/xbrochard/.m2/repository/org/jboss/jandex/2.0.0.Final/jandex-2.0.0.Final.jar
7ff377dd3000-7ff377dd8000 r--s 00017000 08:05 7776098                    /home/xbrochard/.m2/repository/org/hibernate/javax/persistence/hibernate-jpa-2.1-api/1.0.0.Final/hibernate-jpa-2.1-api-1.0.0.Final.jar
7ff377dd8000-7ff377de2000 r--s 0005f000 08:05 7866810                    /home/xbrochard/.m2/repository/org/springframework/spring-jdbc/4.3.2.RELEASE/spring-jdbc-4.3.2.RELEASE.jar
7ff377de2000-7ff377de5000 r--s 0001f000 08:05 7801212                    /home/xbrochard/.m2/repository/org/apache/tomcat/tomcat-jdbc/8.5.4/tomcat-jdbc-8.5.4.jar
7ff377de5000-7ff377deb000 r--s 0003d000 08:05 7628591                    /home/xbrochard/.m2/repository/org/yaml/snakeyaml/1.17/snakeyaml-1.17.jar
7ff377deb000-7ff377eb6000 rw-p 00000000 00:00 0 
7ff377eb6000-7ff377eb9000 ---p 00000000 00:00 0 
7ff377eb9000-7ff377fbb000 rw-p 00000000 00:00 0                          [stack:21520]
7ff377fbb000-7ff377fbc000 r--s 00009000 08:05 7801214                    /home/xbrochard/.m2/repository/org/apache/tomcat/tomcat-juli/8.5.4/tomcat-juli-8.5.4.jar
7ff377fbc000-7ff377fbd000 r--s 00000000 08:05 7801210                    /home/xbrochard/.m2/repository/org/springframework/boot/spring-boot-starter-jdbc/1.4.0.RELEASE/spring-boot-starter-jdbc-1.4.0.RELEASE.jar
7ff377fbd000-7ff377fbe000 r--s 00000000 08:05 7801208                    /home/xbrochard/.m2/repository/org/springframework/boot/spring-boot-starter-aop/1.4.0.RELEASE/spring-boot-starter-aop-1.4.0.RELEASE.jar
7ff377fbe000-7ff377fc0000 r--s 00004000 08:05 7390387                    /home/xbrochard/.m2/repository/org/slf4j/log4j-over-slf4j/1.7.21/log4j-over-slf4j-1.7.21.jar
7ff377fc0000-7ff377fc2000 r--s 00000000 08:05 7390385                    /home/xbrochard/.m2/repository/org/slf4j/jul-to-slf4j/1.7.21/jul-to-slf4j-1.7.21.jar
7ff377fc2000-7ff377fc3000 r--s 00000000 08:05 7628587                    /home/xbrochard/.m2/repository/org/springframework/boot/spring-boot-starter-logging/1.4.0.RELEASE/spring-boot-starter-logging-1.4.0.RELEASE.jar
7ff377fc3000-7ff377fc4000 r--s 00000000 08:05 7628586                    /home/xbrochard/.m2/repository/org/springframework/boot/spring-boot-starter/1.4.0.RELEASE/spring-boot-starter-1.4.0.RELEASE.jar
7ff377fc4000-7ff377fc5000 r--s 00000000 08:05 7801206                    /home/xbrochard/.m2/repository/org/springframework/boot/spring-boot-starter-data-jpa/1.4.0.RELEASE/spring-boot-starter-data-jpa-1.4.0.RELEASE.jar
7ff377fc5000-7ff377fcd000 rw-s 00000000 08:07 59                         /tmp/hsperfdata_xbrochard/21514
7ff377fcd000-7ff377fce000 rw-p 00000000 00:00 0 
7ff377fce000-7ff377fcf000 r--p 00000000 00:00 0 
7ff377fcf000-7ff377fd0000 rw-p 00000000 00:00 0 
7ff377fd0000-7ff377fd1000 r--p 00021000 08:06 783072                     /usr/lib64/ld-2.17.so
7ff377fd1000-7ff377fd2000 rw-p 00022000 08:06 783072                     /usr/lib64/ld-2.17.so
7ff377fd2000-7ff377fd3000 rw-p 00000000 00:00 0 
7fff9738a000-7fff973b0000 rw-p 00000000 00:00 0                          [stack]
7fff973db000-7fff973dd000 r-xp 00000000 00:00 0                          [vdso]
ffffffffff600000-ffffffffff601000 r-xp 00000000 00:00 0                  [vsyscall]

VM Arguments:
jvm_args: -agentlib:jdwp=transport=dt_socket,suspend=y,address=localhost:58675 -Duser.timezone=GMT0 -ea -Dfile.encoding=UTF-8 
java_command: org.eclipse.jdt.internal.junit.runner.RemoteTestRunner -version 3 -port 60715 -testLoaderClass org.eclipse.jdt.internal.junit4.runner.JUnit4TestLoader -loaderpluginname org.eclipse.jdt.junit4.runtime -test fr.cnes.regards.microservices.administration.controller.AccessesControllerIT:acceptAccessRequest
java_class_path (initial): /home/xbrochard/git/rs-admin/bootstrap-administration/target/test-classes:/home/xbrochard/git/rs-admin/bootstrap-administration/target/classes:/home/xbrochard/git/rs-microservice/microservice-core/target/classes:/home/xbrochard/.m2/repository/org/springframework/boot/spring-boot-starter-data-jpa/1.4.0.RELEASE/spring-boot-starter-data-jpa-1.4.0.RELEASE.jar:/home/xbrochard/.m2/repository/org/springframework/boot/spring-boot-starter/1.4.0.RELEASE/spring-boot-starter-1.4.0.RELEASE.jar:/home/xbrochard/.m2/repository/org/springframework/boot/spring-boot-starter-logging/1.4.0.RELEASE/spring-boot-starter-logging-1.4.0.RELEASE.jar:/home/xbrochard/.m2/repository/org/slf4j/jul-to-slf4j/1.7.21/jul-to-slf4j-1.7.21.jar:/home/xbrochard/.m2/repository/org/slf4j/log4j-over-slf4j/1.7.21/log4j-over-slf4j-1.7.21.jar:/home/xbrochard/.m2/repository/org/yaml/snakeyaml/1.17/snakeyaml-1.17.jar:/home/xbrochard/.m2/repository/org/springframework/boot/spring-boot-starter-aop/1.4.0.RELEASE/spring-boot-starter-aop-1.4.0.RELEASE.jar:/home/xbrochard/.m2/repository/org/aspectj/aspectjweaver/1.8.9/aspectjweaver-1.8.9.jar:/home/xbrochard/.m2/repository/org/springframework/boot/spring-boot-starter-jdbc/1.4.0.RELEASE/spring-boot-starter-jdbc-1.4.0.RELEASE.jar:/home/xbrochard/.m2/repository/org/apache/tomcat/tomcat-jdbc/8.5.4/tomcat-jdbc-8.5.4.jar:/home/xbrochard/.m2/repository/org/apache/tomcat/tomcat-juli/8.5.4/tomcat-juli-8.5.4.jar:/home/xbrochard/.m2/repository/org/springframework/spring-jdbc/4.3.2.RELEASE/spring-jdbc-4.3.2.RELEASE.jar:/home/xbrochard/.m2/repository/org/hibernate/hibernate-core/5.0.9.Final/hibernate-core-5.0.9.Final.jar:/home/xbrochard/.m2/repository/org/hibernate/javax/persistence/hibernate-jpa-2.1-api/1.0.0.Final/hibernate-jpa-2.1-api-1.0.0.Final.jar:/home/xbrochard/.m2/repository/org/javassist/javassist/3.20.0-GA/javassist-3.20.0-GA.jar:/home/xbrochard/.m2/repository/antlr/antlr/2.7.7/antlr-2.7.7.jar:/home/xbrochard/.m2/repository/org/jboss/jandex/2.0
Launcher Type: SUN_STANDARD

Environment Variables:
JAVA_HOME=/opt/jdk1.8.0_91
PATH=/opt/jdk1.8.0_91/bin:/usr/lib64/qt-3.3/bin:/usr/local/maven:/usr/local/maven/bin:/usr/local/bin:/usr/local/sbin:/usr/bin:/usr/sbin:/bin:/sbin:/home/xbrochard/.local/bin:/home/xbrochard/bin
USERNAME=xbrochard
SHELL=/bin/bash
DISPLAY=:0.0

Signal Handlers:
SIGSEGV: [libjvm.so+0xabca10], sa_mask[0]=11111111011111111101111111111110, sa_flags=SA_RESTART|SA_SIGINFO
SIGBUS: [libjvm.so+0xabca10], sa_mask[0]=11111111011111111101111111111110, sa_flags=SA_RESTART|SA_SIGINFO
SIGFPE: [libjvm.so+0x919a20], sa_mask[0]=11111111011111111101111111111110, sa_flags=SA_RESTART|SA_SIGINFO
SIGPIPE: [libjvm.so+0x919a20], sa_mask[0]=11111111011111111101111111111110, sa_flags=SA_RESTART|SA_SIGINFO
SIGXFSZ: [libjvm.so+0x919a20], sa_mask[0]=11111111011111111101111111111110, sa_flags=SA_RESTART|SA_SIGINFO
SIGILL: [libjvm.so+0x919a20], sa_mask[0]=11111111011111111101111111111110, sa_flags=SA_RESTART|SA_SIGINFO
SIGUSR1: SIG_DFL, sa_mask[0]=00000000000000000000000000000000, sa_flags=none
SIGUSR2: [libjvm.so+0x91b050], sa_mask[0]=00100000000000000000000000000000, sa_flags=SA_RESTART|SA_SIGINFO
SIGHUP: [libjvm.so+0x91c450], sa_mask[0]=11111111011111111101111111111110, sa_flags=SA_RESTART|SA_SIGINFO
SIGINT: [libjvm.so+0x91c450], sa_mask[0]=11111111011111111101111111111110, sa_flags=SA_RESTART|SA_SIGINFO
SIGTERM: [libjvm.so+0x91c450], sa_mask[0]=11111111011111111101111111111110, sa_flags=SA_RESTART|SA_SIGINFO
SIGQUIT: [libjvm.so+0x91c450], sa_mask[0]=11111111011111111101111111111110, sa_flags=SA_RESTART|SA_SIGINFO


---------------  S Y S T E M  ---------------

OS:CentOS Linux release 7.2.1511 (Core) 

uname:Linux 3.10.0-327.18.2.el7.x86_64 #1 SMP Thu May 12 11:03:55 UTC 2016 x86_64
libc:glibc 2.17 NPTL 2.17 
rlimit: STACK 8192k, CORE 0k, NPROC 4096, NOFILE 4096, AS infinity
load average:0,14 0,23 0,35

/proc/meminfo:
MemTotal:        8093344 kB
MemFree:          280936 kB
MemAvailable:    1481408 kB
Buffers:          116964 kB
Cached:          1945448 kB
SwapCached:        67844 kB
Active:          5215100 kB
Inactive:        2168300 kB
Active(anon):    4757660 kB
Inactive(anon):  1349568 kB
Active(file):     457440 kB
Inactive(file):   818732 kB
Unevictable:        1124 kB
Mlocked:            1124 kB
SwapTotal:       3070972 kB
SwapFree:        2214108 kB
Dirty:               200 kB
Writeback:             0 kB
AnonPages:       5276572 kB
Mapped:           694916 kB
Shmem:            786008 kB
Slab:             247688 kB
SReclaimable:     177704 kB
SUnreclaim:        69984 kB
KernelStack:       13712 kB
PageTables:        71020 kB
NFS_Unstable:          0 kB
Bounce:                0 kB
WritebackTmp:          0 kB
CommitLimit:     7117644 kB
Committed_AS:   13894028 kB
VmallocTotal:   34359738367 kB
VmallocUsed:      358600 kB
VmallocChunk:   34359312928 kB
HardwareCorrupted:     0 kB
AnonHugePages:   1769472 kB
HugePages_Total:       0
HugePages_Free:        0
HugePages_Rsvd:        0
HugePages_Surp:        0
Hugepagesize:       2048 kB
DirectMap4k:      122016 kB
DirectMap2M:     6086656 kB
DirectMap1G:     2097152 kB


CPU:total 4 (4 cores per cpu, 1 threads per core) family 6 model 60 stepping 3, cmov, cx8, fxsr, mmx, sse, sse2, sse3, ssse3, sse4.1, sse4.2, popcnt, avx, avx2, aes, clmul, erms, lzcnt, tsc, tscinvbit, bmi1, bmi2

/proc/cpuinfo:
processor	: 0
vendor_id	: GenuineIntel
cpu family	: 6
model		: 60
model name	: Intel(R) Core(TM) i5-4570 CPU @ 3.20GHz
stepping	: 3
microcode	: 0x1c
cpu MHz		: 3459.375
cache size	: 6144 KB
physical id	: 0
siblings	: 4
core id		: 0
cpu cores	: 4
apicid		: 0
initial apicid	: 0
fpu		: yes
fpu_exception	: yes
cpuid level	: 13
wp		: yes
flags		: fpu vme de pse tsc msr pae mce cx8 apic sep mtrr pge mca cmov pat pse36 clflush dts acpi mmx fxsr sse sse2 ss ht tm pbe syscall nx pdpe1gb rdtscp lm constant_tsc arch_perfmon pebs bts rep_good nopl xtopology nonstop_tsc aperfmperf eagerfpu pni pclmulqdq dtes64 monitor ds_cpl vmx smx est tm2 ssse3 fma cx16 xtpr pdcm pcid sse4_1 sse4_2 x2apic movbe popcnt tsc_deadline_timer aes xsave avx f16c rdrand lahf_lm abm ida arat epb pln pts dtherm tpr_shadow vnmi flexpriority ept vpid fsgsbase tsc_adjust bmi1 avx2 smep bmi2 erms invpcid xsaveopt
bogomips	: 6385.02
clflush size	: 64
cache_alignment	: 64
address sizes	: 39 bits physical, 48 bits virtual
power management:

processor	: 1
vendor_id	: GenuineIntel
cpu family	: 6
model		: 60
model name	: Intel(R) Core(TM) i5-4570 CPU @ 3.20GHz
stepping	: 3
microcode	: 0x1c
cpu MHz		: 3451.000
cache size	: 6144 KB
physical id	: 0
siblings	: 4
core id		: 1
cpu cores	: 4
apicid		: 2
initial apicid	: 2
fpu		: yes
fpu_exception	: yes
cpuid level	: 13
wp		: yes
flags		: fpu vme de pse tsc msr pae mce cx8 apic sep mtrr pge mca cmov pat pse36 clflush dts acpi mmx fxsr sse sse2 ss ht tm pbe syscall nx pdpe1gb rdtscp lm constant_tsc arch_perfmon pebs bts rep_good nopl xtopology nonstop_tsc aperfmperf eagerfpu pni pclmulqdq dtes64 monitor ds_cpl vmx smx est tm2 ssse3 fma cx16 xtpr pdcm pcid sse4_1 sse4_2 x2apic movbe popcnt tsc_deadline_timer aes xsave avx f16c rdrand lahf_lm abm ida arat epb pln pts dtherm tpr_shadow vnmi flexpriority ept vpid fsgsbase tsc_adjust bmi1 avx2 smep bmi2 erms invpcid xsaveopt
bogomips	: 6385.02
clflush size	: 64
cache_alignment	: 64
address sizes	: 39 bits physical, 48 bits virtual
power management:

processor	: 2
vendor_id	: GenuineIntel
cpu family	: 6
model		: 60
model name	: Intel(R) Core(TM) i5-4570 CPU @ 3.20GHz
stepping	: 3
microcode	: 0x1c
cpu MHz		: 3571.250
cache size	: 6144 KB
physical id	: 0
siblings	: 4
core id		: 2
cpu cores	: 4
apicid		: 4
initial apicid	: 4
fpu		: yes
fpu_exception	: yes
cpuid level	: 13
wp		: yes
flags		: fpu vme de pse tsc msr pae mce cx8 apic sep mtrr pge mca cmov pat pse36 clflush dts acpi mmx fxsr sse sse2 ss ht tm pbe syscall nx pdpe1gb rdtscp lm constant_tsc arch_perfmon pebs bts rep_good nopl xtopology nonstop_tsc aperfmperf eagerfpu pni pclmulqdq dtes64 monitor ds_cpl vmx smx est tm2 ssse3 fma cx16 xtpr pdcm pcid sse4_1 sse4_2 x2apic movbe popcnt tsc_deadline_timer aes xsave avx f16c rdrand lahf_lm abm ida arat epb pln pts dtherm tpr_shadow vnmi flexpriority ept vpid fsgsbase tsc_adjust bmi1 avx2 smep bmi2 erms invpcid xsaveopt
bogomips	: 6385.02
clflush size	: 64
cache_alignment	: 64
address sizes	: 39 bits physical, 48 bits virtual
power management:

processor	: 3
vendor_id	: GenuineIntel
cpu family	: 6
model		: 60
model name	: Intel(R) Core(TM) i5-4570 CPU @ 3.20GHz
stepping	: 3
microcode	: 0x1c
cpu MHz		: 3582.875
cache size	: 6144 KB
physical id	: 0
siblings	: 4
core id		: 3
cpu cores	: 4
apicid		: 6
initial apicid	: 6
fpu		: yes
fpu_exception	: yes
cpuid level	: 13
wp		: yes
flags		: fpu vme de pse tsc msr pae mce cx8 apic sep mtrr pge mca cmov pat pse36 clflush dts acpi mmx fxsr sse sse2 ss ht tm pbe syscall nx pdpe1gb rdtscp lm constant_tsc arch_perfmon pebs bts rep_good nopl xtopology nonstop_tsc aperfmperf eagerfpu pni pclmulqdq dtes64 monitor ds_cpl vmx smx est tm2 ssse3 fma cx16 xtpr pdcm pcid sse4_1 sse4_2 x2apic movbe popcnt tsc_deadline_timer aes xsave avx f16c rdrand lahf_lm abm ida arat epb pln pts dtherm tpr_shadow vnmi flexpriority ept vpid fsgsbase tsc_adjust bmi1 avx2 smep bmi2 erms invpcid xsaveopt
bogomips	: 6385.02
clflush size	: 64
cache_alignment	: 64
address sizes	: 39 bits physical, 48 bits virtual
power management:



Memory: 4k page, physical 8093344k(280936k free), swap 3070972k(2214108k free)

vm_info: Java HotSpot(TM) 64-Bit Server VM (25.91-b14) for linux-amd64 JRE (1.8.0_91-b14), built on Apr  1 2016 00:57:21 by "java_re" with gcc 4.3.0 20080428 (Red Hat 4.3.0-8)

time: Fri Sep 30 17:45:33 2016
elapsed time: 630 seconds (0d 0h 10m 30s)

