0 info it worked if it ends with ok
1 verbose cli [ '/home/sbinda/Programmes/nodejs/node-v4.4.3-linux-x64/bin/node',
1 verbose cli   '/home/sbinda/Programmes/nodejs/node-v4.4.3-linux-x64/bin/npm',
1 verbose cli   'start' ]
2 info using npm@2.15.1
3 info using node@v4.4.3
4 verbose stack Error: ENOENT: no such file or directory, open '/home/sbinda/git/rs-access/poc/maquette/package.json'
4 verbose stack     at Error (native)
5 verbose cwd /home/sbinda/git/rs-access/poc/maquette
6 error Linux 3.10.0-327.18.2.el7.x86_64
7 error argv "/home/sbinda/Programmes/nodejs/node-v4.4.3-linux-x64/bin/node" "/home/sbinda/Programmes/nodejs/node-v4.4.3-linux-x64/bin/npm" "start"
8 error node v4.4.3
9 error npm  v2.15.1
10 error path /home/sbinda/git/rs-access/poc/maquette/package.json
11 error code ENOENT
12 error errno -2
13 error syscall open
14 error enoent ENOENT: no such file or directory, open '/home/sbinda/git/rs-access/poc/maquette/package.json'
14 error enoent This is most likely not a problem with npm itself
14 error enoent and is related to npm not being able to find a file.
15 verbose exit [ -2, true ]
